This is pdfTeX, Version 3.14159265-2.6-1.40.17 (TeX Live 2016) (preloaded format=pdflatex 2016.5.22)  23 MAY 2018 09:32
entering extended mode
 restricted \write18 enabled.
 %&-line parsing enabled.
**thesis.tex
(./thesis.tex
LaTeX2e <2016/03/31>
Babel <3.9r> and hyphenation patterns for 83 language(s) loaded.
(./puthesis.cls
Document Class: puthesis 2008/05/02 v1.4 Princeton University Thesis class
(/usr/local/texlive/2016/texmf-dist/tex/latex/setspace/setspace.sty
Package: setspace 2011/12/19 v6.7a set line spacing
)
\c@subyear=\count79

(/usr/local/texlive/2016/texmf-dist/tex/latex/base/report.cls
Document Class: report 2014/09/29 v1.4h Standard LaTeX document class
(/usr/local/texlive/2016/texmf-dist/tex/latex/base/size12.clo
File: size12.clo 2014/09/29 v1.4h Standard LaTeX file (size option)
)
\c@part=\count80
\c@chapter=\count81
\c@section=\count82
\c@subsection=\count83
\c@subsubsection=\count84
\c@paragraph=\count85
\c@subparagraph=\count86
\c@figure=\count87
\c@table=\count88
\abovecaptionskip=\skip41
\belowcaptionskip=\skip42
\bibindent=\dimen102
))
(/usr/local/texlive/2016/texmf-dist/tex/latex/geometry/geometry.sty
Package: geometry 2010/09/12 v5.6 Page Geometry

(/usr/local/texlive/2016/texmf-dist/tex/latex/graphics/keyval.sty
Package: keyval 2014/10/28 v1.15 key=value parser (DPC)
\KV@toks@=\toks14
)
(/usr/local/texlive/2016/texmf-dist/tex/generic/oberdiek/ifpdf.sty
Package: ifpdf 2016/05/14 v3.1 Provides the ifpdf switch
)
(/usr/local/texlive/2016/texmf-dist/tex/generic/oberdiek/ifvtex.sty
Package: ifvtex 2016/05/16 v1.6 Detect VTeX and its facilities (HO)
Package ifvtex Info: VTeX not detected.
)
(/usr/local/texlive/2016/texmf-dist/tex/generic/ifxetex/ifxetex.sty
Package: ifxetex 2010/09/12 v0.6 Provides ifxetex conditional
)
\Gm@cnth=\count89
\Gm@cntv=\count90
\c@Gm@tempcnt=\count91
\Gm@bindingoffset=\dimen103
\Gm@wd@mp=\dimen104
\Gm@odd@mp=\dimen105
\Gm@even@mp=\dimen106
\Gm@layoutwidth=\dimen107
\Gm@layoutheight=\dimen108
\Gm@layouthoffset=\dimen109
\Gm@layoutvoffset=\dimen110
\Gm@dimlist=\toks15
)
(/usr/local/texlive/2016/texmf-dist/tex/latex/graphics/graphicx.sty
Package: graphicx 2014/10/28 v1.0g Enhanced LaTeX Graphics (DPC,SPQR)

(/usr/local/texlive/2016/texmf-dist/tex/latex/graphics/graphics.sty
Package: graphics 2016/05/09 v1.0r Standard LaTeX Graphics (DPC,SPQR)

(/usr/local/texlive/2016/texmf-dist/tex/latex/graphics/trig.sty
Package: trig 2016/01/03 v1.10 sin cos tan (DPC)
)
(/usr/local/texlive/2016/texmf-dist/tex/latex/graphics-cfg/graphics.cfg
File: graphics.cfg 2016/01/02 v1.10 sample graphics configuration
)
Package graphics Info: Driver file: pdftex.def on input line 96.

(/usr/local/texlive/2016/texmf-dist/tex/latex/pdftex-def/pdftex.def
File: pdftex.def 2011/05/27 v0.06d Graphics/color for pdfTeX

(/usr/local/texlive/2016/texmf-dist/tex/generic/oberdiek/infwarerr.sty
Package: infwarerr 2016/05/16 v1.4 Providing info/warning/error messages (HO)
)
(/usr/local/texlive/2016/texmf-dist/tex/generic/oberdiek/ltxcmds.sty
Package: ltxcmds 2016/05/16 v1.23 LaTeX kernel commands for general use (HO)
)
\Gread@gobject=\count92
))
\Gin@req@height=\dimen111
\Gin@req@width=\dimen112
)
(/usr/local/texlive/2016/texmf-dist/tex/latex/tools/verbatim.sty
Package: verbatim 2014/10/28 v1.5q LaTeX2e package for verbatim enhancements
\every@verbatim=\toks16
\verbatim@line=\toks17
\verbatim@in@stream=\read1
)
(/usr/local/texlive/2016/texmf-dist/tex/latex/multirow/multirow.sty
\bigstrutjot=\dimen113
)
(/usr/local/texlive/2016/texmf-dist/tex/latex/tools/longtable.sty
Package: longtable 2014/10/28 v4.11 Multi-page Table package (DPC)
\LTleft=\skip43
\LTright=\skip44
\LTpre=\skip45
\LTpost=\skip46
\LTchunksize=\count93
\LTcapwidth=\dimen114
\LT@head=\box26
\LT@firsthead=\box27
\LT@foot=\box28
\LT@lastfoot=\box29
\LT@cols=\count94
\LT@rows=\count95
\c@LT@tables=\count96
\c@LT@chunks=\count97
\LT@p@ftn=\toks18
)
(/usr/local/texlive/2016/texmf-dist/tex/latex/booktabs/booktabs.sty
Package: booktabs 2016/04/27 v1.618033 publication quality tables
\heavyrulewidth=\dimen115
\lightrulewidth=\dimen116
\cmidrulewidth=\dimen117
\belowrulesep=\dimen118
\belowbottomsep=\dimen119
\aboverulesep=\dimen120
\abovetopsep=\dimen121
\cmidrulesep=\dimen122
\cmidrulekern=\dimen123
\defaultaddspace=\dimen124
\@cmidla=\count98
\@cmidlb=\count99
\@aboverulesep=\dimen125
\@belowrulesep=\dimen126
\@thisruleclass=\count100
\@lastruleclass=\count101
\@thisrulewidth=\dimen127
)
(/usr/local/texlive/2016/texmf-dist/tex/latex/hyperref/hyperref.sty
Package: hyperref 2016/05/05 v6.83n Hypertext links for LaTeX

(/usr/local/texlive/2016/texmf-dist/tex/generic/oberdiek/hobsub-hyperref.sty
Package: hobsub-hyperref 2016/05/16 v1.14 Bundle oberdiek, subset hyperref (HO)


(/usr/local/texlive/2016/texmf-dist/tex/generic/oberdiek/hobsub-generic.sty
Package: hobsub-generic 2016/05/16 v1.14 Bundle oberdiek, subset generic (HO)
Package: hobsub 2016/05/16 v1.14 Construct package bundles (HO)
Package hobsub Info: Skipping package `infwarerr' (already loaded).
Package hobsub Info: Skipping package `ltxcmds' (already loaded).
Package: ifluatex 2016/05/16 v1.4 Provides the ifluatex switch (HO)
Package ifluatex Info: LuaTeX not detected.
Package hobsub Info: Skipping package `ifvtex' (already loaded).
Package: intcalc 2016/05/16 v1.2 Expandable calculations with integers (HO)
Package hobsub Info: Skipping package `ifpdf' (already loaded).
Package: etexcmds 2016/05/16 v1.6 Avoid name clashes with e-TeX commands (HO)
Package etexcmds Info: Could not find \expanded.
(etexcmds)             That can mean that you are not using pdfTeX 1.50 or
(etexcmds)             that some package has redefined \expanded.
(etexcmds)             In the latter case, load this package earlier.
Package: kvsetkeys 2016/05/16 v1.17 Key value parser (HO)
Package: kvdefinekeys 2016/05/16 v1.4 Define keys (HO)
Package: pdftexcmds 2016/05/10 v0.21 Utility functions of pdfTeX for LuaTeX (HO
)
Package pdftexcmds Info: LuaTeX not detected.
Package pdftexcmds Info: \pdf@primitive is available.
Package pdftexcmds Info: \pdf@ifprimitive is available.
Package pdftexcmds Info: \pdfdraftmode found.
Package: pdfescape 2016/05/16 v1.14 Implements pdfTeX's escape features (HO)
Package: bigintcalc 2016/05/16 v1.4 Expandable calculations on big integers (HO
)
Package: bitset 2016/05/16 v1.2 Handle bit-vector datatype (HO)
Package: uniquecounter 2016/05/16 v1.3 Provide unlimited unique counter (HO)
)
Package hobsub Info: Skipping package `hobsub' (already loaded).
Package: letltxmacro 2016/05/16 v1.5 Let assignment for LaTeX macros (HO)
Package: hopatch 2016/05/16 v1.3 Wrapper for package hooks (HO)
Package: xcolor-patch 2016/05/16 xcolor patch
Package: atveryend 2016/05/16 v1.9 Hooks at the very end of document (HO)
Package atveryend Info: \enddocument detected (standard20110627).
Package: atbegshi 2016/05/16 v1.17 At begin shipout hook (HO)
Package: refcount 2016/05/16 v3.5 Data extraction from label references (HO)
Package: hycolor 2016/05/16 v1.8 Color options for hyperref/bookmark (HO)
)
(/usr/local/texlive/2016/texmf-dist/tex/latex/oberdiek/auxhook.sty
Package: auxhook 2016/05/16 v1.4 Hooks for auxiliary files (HO)
)
(/usr/local/texlive/2016/texmf-dist/tex/latex/oberdiek/kvoptions.sty
Package: kvoptions 2016/05/16 v3.12 Key value format for package options (HO)
)
\@linkdim=\dimen128
\Hy@linkcounter=\count102
\Hy@pagecounter=\count103

(/usr/local/texlive/2016/texmf-dist/tex/latex/hyperref/pd1enc.def
File: pd1enc.def 2016/05/05 v6.83n Hyperref: PDFDocEncoding definition (HO)
)
\Hy@SavedSpaceFactor=\count104

(/usr/local/texlive/2016/texmf-dist/tex/latex/latexconfig/hyperref.cfg
File: hyperref.cfg 2002/06/06 v1.2 hyperref configuration of TeXLive
)
Package hyperref Info: Hyper figures OFF on input line 4446.
Package hyperref Info: Link nesting OFF on input line 4451.
Package hyperref Info: Hyper index ON on input line 4454.
Package hyperref Info: Plain pages OFF on input line 4461.
Package hyperref Info: Backreferencing OFF on input line 4466.
Package hyperref Info: Implicit mode ON; LaTeX internals redefined.
Package hyperref Info: Bookmarks ON on input line 4691.
\c@Hy@tempcnt=\count105

(/usr/local/texlive/2016/texmf-dist/tex/latex/url/url.sty
\Urlmuskip=\muskip10
Package: url 2013/09/16  ver 3.4  Verb mode for urls, etc.
)
LaTeX Info: Redefining \url on input line 5044.
\XeTeXLinkMargin=\dimen129
\Fld@menulength=\count106
\Field@Width=\dimen130
\Fld@charsize=\dimen131
Package hyperref Info: Hyper figures OFF on input line 6298.
Package hyperref Info: Link nesting OFF on input line 6303.
Package hyperref Info: Hyper index ON on input line 6306.
Package hyperref Info: backreferencing OFF on input line 6313.
Package hyperref Info: Link coloring OFF on input line 6318.
Package hyperref Info: Link coloring with OCG OFF on input line 6323.
Package hyperref Info: PDF/A mode OFF on input line 6328.
LaTeX Info: Redefining \ref on input line 6368.
LaTeX Info: Redefining \pageref on input line 6372.
\Hy@abspage=\count107
\c@Item=\count108
\c@Hfootnote=\count109
)

Package hyperref Message: Driver (autodetected): hpdftex.

(/usr/local/texlive/2016/texmf-dist/tex/latex/hyperref/hpdftex.def
File: hpdftex.def 2016/05/05 v6.83n Hyperref driver for pdfTeX
\Fld@listcount=\count110
\c@bookmark@seq@number=\count111

(/usr/local/texlive/2016/texmf-dist/tex/latex/oberdiek/rerunfilecheck.sty
Package: rerunfilecheck 2016/05/16 v1.8 Rerun checks for auxiliary files (HO)
Package uniquecounter Info: New unique counter `rerunfilecheck' on input line 2
82.
)
\Hy@SectionHShift=\skip47
)
Package hyperref Info: Option `colorlinks' set `true' on input line 170.
Package hyperref Info: Option `bookmarksnumbered' set `true' on input line 170.


(/usr/local/texlive/2016/texmf-dist/tex/latex/ae/ae.sty
Package: ae 2001/02/12 1.3 Almost European Computer Modern

(/usr/local/texlive/2016/texmf-dist/tex/latex/base/fontenc.sty
Package: fontenc 2005/09/27 v1.99g Standard LaTeX package

(/usr/local/texlive/2016/texmf-dist/tex/latex/base/t1enc.def
File: t1enc.def 2005/09/27 v1.99g Standard LaTeX file
LaTeX Font Info:    Redeclaring font encoding T1 on input line 48.
)
LaTeX Font Info:    Try loading font information for T1+aer on input line 105.

(/usr/local/texlive/2016/texmf-dist/tex/latex/ae/t1aer.fd
File: t1aer.fd 1997/11/16 Font definitions for T1/aer.
)))
(/usr/local/texlive/2016/texmf-dist/tex/latex/ae/aecompl.sty
Package: aecompl 1998/07/23 0.9 T1 Complements for AE fonts (D. Roegel)
)
(/usr/local/texlive/2016/texmf-dist/tex/latex/amsmath/amsmath.sty
Package: amsmath 2016/03/10 v2.15b AMS math features
\@mathmargin=\skip48

For additional information on amsmath, use the `?' option.
(/usr/local/texlive/2016/texmf-dist/tex/latex/amsmath/amstext.sty
Package: amstext 2000/06/29 v2.01 AMS text

(/usr/local/texlive/2016/texmf-dist/tex/latex/amsmath/amsgen.sty
File: amsgen.sty 1999/11/30 v2.0 generic functions
\@emptytoks=\toks19
\ex@=\dimen132
))
(/usr/local/texlive/2016/texmf-dist/tex/latex/amsmath/amsbsy.sty
Package: amsbsy 1999/11/29 v1.2d Bold Symbols
\pmbraise@=\dimen133
)
(/usr/local/texlive/2016/texmf-dist/tex/latex/amsmath/amsopn.sty
Package: amsopn 2016/03/08 v2.02 operator names
)
\inf@bad=\count112
LaTeX Info: Redefining \frac on input line 199.
\uproot@=\count113
\leftroot@=\count114
LaTeX Info: Redefining \overline on input line 297.
\classnum@=\count115
\DOTSCASE@=\count116
LaTeX Info: Redefining \ldots on input line 394.
LaTeX Info: Redefining \dots on input line 397.
LaTeX Info: Redefining \cdots on input line 518.
\Mathstrutbox@=\box30
\strutbox@=\box31
\big@size=\dimen134
LaTeX Font Info:    Redeclaring font encoding OML on input line 634.
LaTeX Font Info:    Redeclaring font encoding OMS on input line 635.
\macc@depth=\count117
\c@MaxMatrixCols=\count118
\dotsspace@=\muskip11
\c@parentequation=\count119
\dspbrk@lvl=\count120
\tag@help=\toks20
\row@=\count121
\column@=\count122
\maxfields@=\count123
\andhelp@=\toks21
\eqnshift@=\dimen135
\alignsep@=\dimen136
\tagshift@=\dimen137
\tagwidth@=\dimen138
\totwidth@=\dimen139
\lineht@=\dimen140
\@envbody=\toks22
\multlinegap=\skip49
\multlinetaggap=\skip50
\mathdisplay@stack=\toks23
LaTeX Info: Redefining \[ on input line 2739.
LaTeX Info: Redefining \] on input line 2740.
)
(/usr/local/texlive/2016/texmf-dist/tex/latex/tools/dcolumn.sty
Package: dcolumn 2014/10/28 v1.06 decimal alignment package (DPC)

(/usr/local/texlive/2016/texmf-dist/tex/latex/tools/array.sty
Package: array 2014/10/28 v2.4c Tabular extension package (FMi)
\col@sep=\dimen141
\extrarowheight=\dimen142
\NC@list=\toks24
\extratabsurround=\skip51
\backup@length=\skip52
))
(/usr/local/texlive/2016/texmf-dist/tex/latex/tools/bm.sty
Package: bm 2016/02/27 v1.2a Bold Symbol Support (DPC/FMi)
\symboldoperators=\mathgroup4
\symboldletters=\mathgroup5
\symboldsymbols=\mathgroup6
LaTeX Font Info:    Redeclaring math alphabet \mathbf on input line 142.
LaTeX Info: Redefining \bm on input line 208.
)
(/usr/local/texlive/2016/texmf-dist/tex/latex/tools/afterpage.sty
Package: afterpage 2014/10/28 v1.08 After-Page Package (DPC)
\AP@output=\toks25
\AP@partial=\box32
\AP@footins=\box33
)
(/usr/local/texlive/2016/texmf-dist/tex/latex/float/float.sty
Package: float 2001/11/08 v1.3d Float enhancements (AL)
\c@float@type=\count124
\float@exts=\toks26
\float@box=\box34
\@float@everytoks=\toks27
\@floatcapt=\box35
)
(/usr/local/texlive/2016/texmf-dist/tex/latex/subfigure/subfigure.sty
Package: subfigure 2002/03/15 v2.1.5 subfigure package
\subfigtopskip=\skip53
\subfigcapskip=\skip54
\subfigcaptopadj=\dimen143
\subfigbottomskip=\skip55
\subfigcapmargin=\dimen144
\subfiglabelskip=\skip56
\c@subfigure=\count125
\c@lofdepth=\count126
\c@subtable=\count127
\c@lotdepth=\count128

****************************************
* Local config file subfigure.cfg used *
****************************************
(/usr/local/texlive/2016/texmf-dist/tex/latex/subfigure/subfigure.cfg)
\subfig@top=\skip57
\subfig@bottom=\skip58
)
(/usr/local/texlive/2016/texmf-dist/tex/latex/rotating/rotating.sty
Package: rotating 2009/03/28 v2.16a rotated objects in LaTeX

(/usr/local/texlive/2016/texmf-dist/tex/latex/base/ifthen.sty
Package: ifthen 2014/09/29 v1.1c Standard LaTeX ifthen package (DPC)
)
\c@r@tfl@t=\count129
\rotFPtop=\skip59
\rotFPbot=\skip60
\rot@float@box=\box36
\rot@mess@toks=\toks28
)
(/usr/local/texlive/2016/texmf-dist/tex/latex/fancyhdr/fancyheadings.sty
Package: fancyheadings 2008/02/04 1.99 Dummy package to call fancyhdr


Package fancyheadings Warning: Please stop using fancyheadings!
(fancyheadings)                Use fancyhdr instead.
(fancyheadings)                We will call fancyhdr with the very same
(fancyheadings)                options you passed to fancyheadings.
(fancyheadings)                
(fancyheadings)                fancyhdr is 99 percent compatible with
(fancyheadings)                fancyheadings. The only incompatibility is
(fancyheadings)                that \headrulewidth and \footrulewidth and
(fancyheadings)                their \plain... versions are no longer length
(fancyheadings)                parameters, but normal macros (to be changed
(fancyheadings)                with \renewcommand rather than \setlength)..

(/usr/local/texlive/2016/texmf-dist/tex/latex/fancyhdr/fancyhdr.sty
\fancy@headwidth=\skip61
\f@ncyO@elh=\skip62
\f@ncyO@erh=\skip63
\f@ncyO@olh=\skip64
\f@ncyO@orh=\skip65
\f@ncyO@elf=\skip66
\f@ncyO@erf=\skip67
\f@ncyO@olf=\skip68
\f@ncyO@orf=\skip69
))
(/usr/local/texlive/2016/texmf-dist/tex/latex/tools/theorem.sty
Package: theorem 2014/10/28 v2.2c Theorem extension package (FMi)
\theorem@style=\toks29
\theorem@bodyfont=\toks30
\theorempreskipamount=\skip70
\theorempostskipamount=\skip71

(/usr/local/texlive/2016/texmf-dist/tex/latex/tools/thp.sty
File: thp.sty 2014/10/28 v2.2c Theorem extension package (FMi)
))
(/usr/local/texlive/2016/texmf-dist/tex/latex/moreverb/moreverb.sty
Package: moreverb 2008/06/03 v2.3a `more' verbatim facilities
\tab@position=\count130
\tab@size=\count131
\listing@line=\count132
)
(/usr/local/texlive/2016/texmf-dist/tex/latex/amsfonts/euscript.sty
Package: euscript 2009/06/22 v3.00 Euler Script fonts
LaTeX Font Info:    Overwriting math alphabet `\EuScript' in version `bold'
(Font)                  U/eus/m/n --> U/eus/b/n on input line 33.
)
(/usr/local/texlive/2016/texmf-dist/tex/latex/psfrag/psfrag.sty
Package: psfrag 1998/04/11 v3.04 PSfrag (MCG)
\pfg@pcount=\count133
\pfg@scount=\count134
\pfg@temp=\write3
)
(/usr/local/texlive/2016/texmf-dist/tex/latex/carlisle/slashed.sty
Package: slashed 1997/01/16 v0.01 Feynman Slashed Character Notation (DPC)
)
(/usr/local/texlive/2016/texmf-dist/tex/latex/mathtools/mathtools.sty
Package: mathtools 2015/11/12 v1.18 mathematical typesetting tools

(/usr/local/texlive/2016/texmf-dist/tex/latex/tools/calc.sty
Package: calc 2014/10/28 v4.3 Infix arithmetic (KKT,FJ)
\calc@Acount=\count135
\calc@Bcount=\count136
\calc@Adimen=\dimen145
\calc@Bdimen=\dimen146
\calc@Askip=\skip72
\calc@Bskip=\skip73
LaTeX Info: Redefining \setlength on input line 80.
LaTeX Info: Redefining \addtolength on input line 81.
\calc@Ccount=\count137
\calc@Cskip=\skip74
)
(/usr/local/texlive/2016/texmf-dist/tex/latex/mathtools/mhsetup.sty
Package: mhsetup 2010/01/21 v1.2a programming setup (MH)
)
LaTeX Info: Thecontrolsequence`\('isalreadyrobust on input line 129.
LaTeX Info: Thecontrolsequence`\)'isalreadyrobust on input line 129.
LaTeX Info: Thecontrolsequence`\['isalreadyrobust on input line 129.
LaTeX Info: Thecontrolsequence`\]'isalreadyrobust on input line 129.
\g_MT_multlinerow_int=\count138
\l_MT_multwidth_dim=\dimen147
\origjot=\skip75
\l_MT_shortvdotswithinadjustabove_dim=\dimen148
\l_MT_shortvdotswithinadjustbelow_dim=\dimen149
\l_MT_above_intertext_sep=\dimen150
\l_MT_below_intertext_sep=\dimen151
\l_MT_above_shortintertext_sep=\dimen152
\l_MT_below_shortintertext_sep=\dimen153
)
(/usr/local/texlive/2016/texmf-dist/tex/latex/listings/listings.sty
\lst@mode=\count139
\lst@gtempboxa=\box37
\lst@token=\toks31
\lst@length=\count140
\lst@currlwidth=\dimen154
\lst@column=\count141
\lst@pos=\count142
\lst@lostspace=\dimen155
\lst@width=\dimen156
\lst@newlines=\count143
\lst@lineno=\count144
\lst@maxwidth=\dimen157

(/usr/local/texlive/2016/texmf-dist/tex/latex/listings/lstmisc.sty
File: lstmisc.sty 2015/06/04 1.6 (Carsten Heinz)
\c@lstnumber=\count145
\lst@skipnumbers=\count146
\lst@framebox=\box38
)
(/usr/local/texlive/2016/texmf-dist/tex/latex/listings/listings.cfg
File: listings.cfg 2015/06/04 1.6 listings configuration
))
Package: listings 2015/06/04 1.6 (Carsten Heinz)

(/usr/local/texlive/2016/texmf-dist/tex/latex/graphics/color.sty
Package: color 2016/05/09 v1.1c Standard LaTeX Color (DPC)

(/usr/local/texlive/2016/texmf-dist/tex/latex/graphics-cfg/color.cfg
File: color.cfg 2016/01/02 v1.6 sample color configuration
)
Package color Info: Driver file: pdftex.def on input line 144.
)
(/usr/local/texlive/2016/texmf-dist/tex/latex/xcolor/xcolor.sty
Package: xcolor 2016/05/11 v2.12 LaTeX color extensions (UK)

(/usr/local/texlive/2016/texmf-dist/tex/latex/graphics-cfg/color.cfg
File: color.cfg 2016/01/02 v1.6 sample color configuration
)
Package xcolor Info: Driver file: pdftex.def on input line 225.
LaTeX Info: Redefining \color on input line 709.
Package xcolor Info: Model `cmy' substituted by `cmy0' on input line 1348.
Package xcolor Info: Model `hsb' substituted by `rgb' on input line 1352.
Package xcolor Info: Model `RGB' extended on input line 1364.
Package xcolor Info: Model `HTML' substituted by `rgb' on input line 1366.
Package xcolor Info: Model `Hsb' substituted by `hsb' on input line 1367.
Package xcolor Info: Model `tHsb' substituted by `hsb' on input line 1368.
Package xcolor Info: Model `HSB' substituted by `hsb' on input line 1369.
Package xcolor Info: Model `Gray' substituted by `gray' on input line 1370.
Package xcolor Info: Model `wave' substituted by `hsb' on input line 1371.
)
(/usr/local/texlive/2016/texmf-dist/tex/latex/listings/lstlang1.sty
File: lstlang1.sty 2015/06/04 1.6 listings language file
)
(/usr/local/texlive/2016/texmf-dist/tex/latex/amsfonts/amssymb.sty
Package: amssymb 2013/01/14 v3.01 AMS font symbols

(/usr/local/texlive/2016/texmf-dist/tex/latex/amsfonts/amsfonts.sty
Package: amsfonts 2013/01/14 v3.01 Basic AMSFonts support
\symAMSa=\mathgroup7
\symAMSb=\mathgroup8
LaTeX Font Info:    Overwriting math alphabet `\mathfrak' in version `bold'
(Font)                  U/euf/m/n --> U/euf/b/n on input line 106.
))
(/usr/local/texlive/2016/texmf-dist/tex/latex/base/latexsym.sty
Package: latexsym 1998/08/17 v2.2e Standard LaTeX package (lasy symbols)
\symlasy=\mathgroup9
LaTeX Font Info:    Overwriting symbol font `lasy' in version `bold'
(Font)                  U/lasy/m/n --> U/lasy/b/n on input line 52.
)
(/usr/local/texlive/2016/texmf-dist/tex/latex/graphics/epsfig.sty
Package: epsfig 1999/02/16 v1.7a (e)psfig emulation (SPQR)
\epsfxsize=\dimen158
\epsfysize=\dimen159
)
(/usr/local/texlive/2016/texmf-dist/tex/latex/comment/comment.sty
\CommentStream=\write4

Excluding comment 'comment')
(/usr/local/texlive/2016/texmf-dist/tex/latex/appendix/appendix.sty
Package: appendix 2009/09/02 v1.2b extra appendix facilities
\c@@pps=\count147
\c@@ppsavesec=\count148
\c@@ppsaveapp=\count149
)
(/usr/local/texlive/2016/texmf-dist/tex/latex/makecell/makecell.sty
Package: makecell 2009/08/03 V0.1e Managing of Tab Column Heads and Cells
\rotheadsize=\dimen160
\c@nlinenum=\count150
\TeXr@lab=\toks32
)
(/usr/local/texlive/2016/texmf-dist/tex/latex/tools/tabularx.sty
Package: tabularx 2016/02/03 v2.11 `tabularx' package (DPC)
\TX@col@width=\dimen161
\TX@old@table=\dimen162
\TX@old@col=\dimen163
\TX@target=\dimen164
\TX@delta=\dimen165
\TX@cols=\count151
\TX@ftn=\toks33
)
(/usr/local/texlive/2016/texmf-dist/tex/latex/csvsimple/csvsimple.sty
Package: csvsimple 2014/07/14 version 1.12 LaTeX CSV file processing

(/usr/local/texlive/2016/texmf-dist/tex/latex/pgf/utilities/pgfkeys.sty
(/usr/local/texlive/2016/texmf-dist/tex/generic/pgf/utilities/pgfkeys.code.tex
\pgfkeys@pathtoks=\toks34
\pgfkeys@temptoks=\toks35

(/usr/local/texlive/2016/texmf-dist/tex/generic/pgf/utilities/pgfkeysfiltered.c
ode.tex
\pgfkeys@tmptoks=\toks36
)))
\csv@file=\read2
\c@csvinputline=\count152
\c@csvrow=\count153
\c@csvcol=\count154
\csv@out=\write5
) (/usr/local/texlive/2016/texmf-dist/tex/latex/footmisc/footmisc.sty
Package: footmisc 2011/06/06 v5.5b a miscellany of footnote facilities
\FN@temptoken=\toks37
\footnotemargin=\dimen166
\c@pp@next@reset=\count155
\c@@fnserial=\count156
Package footmisc Info: Declaring symbol style bringhurst on input line 855.
Package footmisc Info: Declaring symbol style chicago on input line 863.
Package footmisc Info: Declaring symbol style wiley on input line 872.
Package footmisc Info: Declaring symbol style lamport-robust on input line 883.

Package footmisc Info: Declaring symbol style lamport* on input line 903.
Package footmisc Info: Declaring symbol style lamport*-robust on input line 924
.
) (./thesis.aux (./ch-intro/introduction.aux) (./ch-nptfit/NPTFit.aux)
(./ch-igrb/LMNS_arxiv_v2.aux) (./ch-darksky/fermi_darksky.aux)
(./ch-clusters/fermi_data_clusters_arxiv_v2.aux)
(./ch-appendicies/fermi_darksky.aux)
(./ch-appendicies/fermi_data_clusters_arxiv_v2.aux))
\openout1 = `thesis.aux'.

LaTeX Font Info:    Checking defaults for OML/cmm/m/it on input line 430.
LaTeX Font Info:    ... okay on input line 430.
LaTeX Font Info:    Checking defaults for T1/cmr/m/n on input line 430.
LaTeX Font Info:    ... okay on input line 430.
LaTeX Font Info:    Checking defaults for OT1/cmr/m/n on input line 430.
LaTeX Font Info:    ... okay on input line 430.
LaTeX Font Info:    Checking defaults for OMS/cmsy/m/n on input line 430.
LaTeX Font Info:    ... okay on input line 430.
LaTeX Font Info:    Checking defaults for OMX/cmex/m/n on input line 430.
LaTeX Font Info:    ... okay on input line 430.
LaTeX Font Info:    Checking defaults for U/cmr/m/n on input line 430.
LaTeX Font Info:    ... okay on input line 430.
LaTeX Font Info:    Checking defaults for PD1/pdf/m/n on input line 430.
LaTeX Font Info:    ... okay on input line 430.

*geometry* driver: auto-detecting
*geometry* detected driver: pdftex
*geometry* verbose mode - [ preamble ] result:
* driver: pdftex
* paper: <default>
* layout: <same size as paper>
* layoutoffset:(h,v)=(0.0pt,0.0pt)
* hratio: 2:1
* modes: twoside 
* h-part:(L,W,R)=(122.86023pt, 430.00462pt, 61.43015pt)
* v-part:(T,H,B)=(95.39737pt, 556.47656pt, 143.09605pt)
* \paperwidth=614.295pt
* \paperheight=794.96999pt
* \textwidth=433.62pt
* \textheight=650.43pt
* \oddsidemargin=50.59024pt
* \evensidemargin=-10.83984pt
* \topmargin=-36.135pt
* \headheight=12.0pt
* \headsep=25.0pt
* \topskip=12.0pt
* \footskip=18.06749pt
* \marginparwidth=95.0pt
* \marginparsep=10.0pt
* \columnsep=10.0pt
* \skip\footins=10.8pt plus 4.0pt minus 2.0pt
* \hoffset=0.0pt
* \voffset=0.0pt
* \mag=1000
* \@twocolumnfalse
* \@twosidetrue
* \@mparswitchtrue
* \@reversemarginfalse
* (1in=72.27pt=25.4mm, 1cm=28.453pt)

(/usr/local/texlive/2016/texmf-dist/tex/context/base/mkii/supp-pdf.mkii
[Loading MPS to PDF converter (version 2006.09.02).]
\scratchcounter=\count157
\scratchdimen=\dimen167
\scratchbox=\box39
\nofMPsegments=\count158
\nofMParguments=\count159
\everyMPshowfont=\toks38
\MPscratchCnt=\count160
\MPscratchDim=\dimen168
\MPnumerator=\count161
\makeMPintoPDFobject=\count162
\everyMPtoPDFconversion=\toks39
) (/usr/local/texlive/2016/texmf-dist/tex/latex/oberdiek/epstopdf-base.sty
Package: epstopdf-base 2016/05/15 v2.6 Base part for package epstopdf

(/usr/local/texlive/2016/texmf-dist/tex/latex/oberdiek/grfext.sty
Package: grfext 2016/05/16 v1.2 Manage graphics extensions (HO)
)
Package grfext Info: Graphics extension search list:
(grfext)             [.png,.pdf,.jpg,.mps,.jpeg,.jbig2,.jb2,.PNG,.PDF,.JPG,.JPE
G,.JBIG2,.JB2,.eps]
(grfext)             \AppendGraphicsExtensions on input line 456.

(/usr/local/texlive/2016/texmf-dist/tex/latex/latexconfig/epstopdf-sys.cfg
File: epstopdf-sys.cfg 2010/07/13 v1.3 Configuration of (r)epstopdf for TeX Liv
e
))
\AtBeginShipoutBox=\box40
Package hyperref Info: Link coloring ON on input line 430.

(/usr/local/texlive/2016/texmf-dist/tex/latex/hyperref/nameref.sty
Package: nameref 2012/10/27 v2.43 Cross-referencing by name of section

(/usr/local/texlive/2016/texmf-dist/tex/generic/oberdiek/gettitlestring.sty
Package: gettitlestring 2016/05/16 v1.5 Cleanup title references (HO)
)
\c@section@level=\count163
)
LaTeX Info: Redefining \ref on input line 430.
LaTeX Info: Redefining \pageref on input line 430.
LaTeX Info: Redefining \nameref on input line 430.

(./thesis.out) (./thesis.out)
\@outlinefile=\write6
\openout6 = `thesis.out'.

\c@lstlisting=\count164
 [1
Non-PDF special ignored!

{/usr/local/texlive/2016/texmf-var/fonts/map/pdftex/updmap/pdftex.map}]
LaTeX Font Info:    Try loading font information for OMS+aer on input line 541.

 (/usr/local/texlive/2016/texmf-dist/tex/latex/ae/omsaer.fd
File: omsaer.fd 1999/12/27
)
LaTeX Font Info:    Font shape `OMS/aer/m/n' in size <12> not available
(Font)              Font shape `OMS/cmsy/m/n' tried instead on input line 541.

[2

] (./abstract.tex) [3

] (./acknowledgements.tex) [4

] [5

] (./thesis.toc
LaTeX Font Info:    Try loading font information for U+msa on input line 1.

(/usr/local/texlive/2016/texmf-dist/tex/latex/amsfonts/umsa.fd
File: umsa.fd 2013/01/14 v3.01 AMS symbols A
)
LaTeX Font Info:    Try loading font information for U+msb on input line 1.

(/usr/local/texlive/2016/texmf-dist/tex/latex/amsfonts/umsb.fd
File: umsb.fd 2013/01/14 v3.01 AMS symbols B
)
LaTeX Font Info:    Try loading font information for U+lasy on input line 1.

(/usr/local/texlive/2016/texmf-dist/tex/latex/base/ulasy.fd
File: ulasy.fd 1998/08/17 v2.2e LaTeX symbol font definitions
)
LaTeX Font Info:    Try loading font information for T1+aett on input line 7.

(/usr/local/texlive/2016/texmf-dist/tex/latex/ae/t1aett.fd
File: t1aett.fd 1997/11/16 Font definitions for T1/aett.
) [6


] [7])
\tf@toc=\write7
\openout7 = `thesis.toc'.

 [8]
\openout2 = `ch-intro/introduction.aux'.


(./ch-intro/introduction.tex
Chapter 1.
) [1






]
\openout2 = `ch-nptfit/NPTFit.aux'.

 (./ch-nptfit/NPTFit.tex
Chapter 2.
[2



] [3]
LaTeX Font Info:    Font shape `OMS/aer/m/n' in size <8> not available
(Font)              Font shape `OMS/cmsy/m/n' tried instead on input line 30.
LaTeX Font Info:    Font shape `OMS/aer/m/n' in size <7> not available
(Font)              Font shape `OMS/cmsy/m/n' tried instead on input line 30.

Underfull \vbox (badness 10000) has occurred while \output is active []

 [4]
[5] [6]
Underfull \vbox (badness 4752) has occurred while \output is active []

 [7]
[8]
Underfull \vbox (badness 10000) has occurred while \output is active []

 [9]
[10]
Underfull \vbox (badness 10000) has occurred while \output is active []

 [11]
[12]

LaTeX Font Warning: Font shape `T1/aett/bx/n' undefined
(Font)              using `T1/aett/m/n' instead on input line 120.

[13]
Underfull \vbox (badness 10000) has occurred while \output is active []

 [14]
Underfull \vbox (badness 10000) has occurred while \output is active []

 [15]
Underfull \vbox (badness 10000) has occurred while \output is active []

 [16]
[17] [18]
Underfull \vbox (badness 10000) has occurred while \output is active []

 [19]
Underfull \vbox (badness 10000) has occurred while \output is active []

 [20]
Underfull \vbox (badness 6910) has occurred while \output is active []

 [21]
[22]
Underfull \vbox (badness 10000) has occurred while \output is active []

 [23]
Overfull \hbox (2.65982pt too wide) in paragraph at lines 340--352
 [] 
 []


Underfull \vbox (badness 6658) has occurred while \output is active []

 [24]
[25]
Overfull \hbox (43.84915pt too wide) in paragraph at lines 358--359
[]\T1/aer/m/n/12 The [][][][][][] key-word has the op-tions [] and [][][][][][]

 []

[26] [27] [28]
Overfull \hbox (5.25352pt too wide) in paragraph at lines 407--408
[]\T1/aer/m/n/12 The key-word [][][][][][] points to the di-rec-tory where the 
[][][][][][] and [][]
 []


Underfull \vbox (badness 10000) has occurred while \output is active []

 [29]
[30] [31] [32] [33] [34] [35] [36] [37]
<ch-nptfit/gce_triangle.pdf, id=874, 1763.38805pt x 1763.38805pt>
File: ch-nptfit/gce_triangle.pdf Graphic file (type pdf)

<use ch-nptfit/gce_triangle.pdf>
Package pdftex.def Info: ch-nptfit/gce_triangle.pdf used on input line 591.
(pdftex.def)             Requested size: 424.94574pt x 424.94383pt.
 [38]
Underfull \vbox (badness 10000) has occurred while \output is active []

 [39pdfTeX warning (ext4): destination with the same identifier (name{figure.2.
1}) has been already used, duplicate ignored

\AtBegShi@Output ...ipout \box \AtBeginShipoutBox 
                                                  \fi \fi 
l.620 \end{lstlisting}
                       <./ch-nptfit/gce_triangle.pdf>]
<ch-nptfit/dnds_masked.pdf, id=929, 433.62pt x 361.35pt>
File: ch-nptfit/dnds_masked.pdf Graphic file (type pdf)

<use ch-nptfit/dnds_masked.pdf>
Package pdftex.def Info: ch-nptfit/dnds_masked.pdf used on input line 626.
(pdftex.def)             Requested size: 346.89731pt x 289.09694pt.
 [40pdfTeX warning (ext4): destination with the same identifier (name{figure.2.
2}) has been already used, duplicate ignored

\AtBegShi@Output ...ipout \box \AtBeginShipoutBox 
                                                  \fi \fi 
l.637 \begin{lstlisting}
                         <./ch-nptfit/dnds_masked.pdf>]
<ch-nptfit/gce_intensity_fraction.pdf, id=958, 433.62pt x 289.08pt>
File: ch-nptfit/gce_intensity_fraction.pdf Graphic file (type pdf)

<use ch-nptfit/gce_intensity_fraction.pdf>
Package pdftex.def Info: ch-nptfit/gce_intensity_fraction.pdf used on input lin
e 649.
(pdftex.def)             Requested size: 346.89731pt x 231.27754pt.

Underfull \vbox (badness 3919) has occurred while \output is active []

 [41pdfTeX warning (ext4): destination with the same identifier (name{figure.2.
3}) has been already used, duplicate ignored

\AtBegShi@Output ...ipout \box \AtBeginShipoutBox 
                                                  \fi \fi 
l.657 
       <./ch-nptfit/gce_intensity_fraction.pdf>]
<ch-nptfit/dnds_unmasked.pdf, id=986, 433.62pt x 361.35pt>
File: ch-nptfit/dnds_unmasked.pdf Graphic file (type pdf)

<use ch-nptfit/dnds_unmasked.pdf>
Package pdftex.def Info: ch-nptfit/dnds_unmasked.pdf used on input line 661.
(pdftex.def)             Requested size: 346.89731pt x 289.09694pt.
 [42pdfTeX warning (ext4): destination with the same identifier (name{figure.2.
4}) has been already used, duplicate ignored

\AtBegShi@Output ...ipout \box \AtBeginShipoutBox 
                                                  \fi \fi 
l.669 
       <./ch-nptfit/dnds_unmasked.pdf>]) [43]
\openout2 = `ch-igrb/LMNS_arxiv_v2.aux'.

 (./ch-igrb/LMNS_arxiv_v2.tex
Chapter 3.
[44



]
Underfull \vbox (badness 10000) has occurred while \output is active []

 [45]
Underfull \vbox (badness 10000) has occurred while \output is active []

 [46]
Underfull \vbox (badness 10000) has occurred while \output is active []

 [47]
Underfull \vbox (badness 10000) has occurred while \output is active []

 [48]
Underfull \vbox (badness 10000) has occurred while \output is active []

 [49]
[50]
Overfull \hbox (9.11827pt too wide) in paragraph at lines 77--87
 [] 
 []

[51] [52pdfTeX warning (ext4): destination with the same identifier (name{table
.3.1}) has been already used, duplicate ignored

\AtBegShi@Output ...ipout \box \AtBeginShipoutBox 
                                                  \fi \fi 
l.99 
     ] [53]

Package amsmath Warning: Foreign command \over;
(amsmath)                \frac or \genfrac should be used instead
(amsmath)                 on input line 110.

[54]
Underfull \hbox (badness 10000) in paragraph at lines 120--120
[][][][]$\T1/aett/m/n/10 http : / / fermi . gsfc . nasa . gov / ssc / data / an
alysis / documentation / Cicerone / Cicerone _
 []


Underfull \vbox (badness 10000) has occurred while \output is active []

 [55]
Underfull \vbox (badness 1052) has occurred while \output is active []

 [56]
Underfull \vbox (badness 10000) has occurred while \output is active []

 [57]
[58]
Underfull \vbox (badness 10000) has occurred while \output is active []

 [59]
[60] <ch-igrb/plots/bl1-dnds.pdf, id=1368, 939.51pt x 939.51pt>
File: ch-igrb/plots/bl1-dnds.pdf Graphic file (type pdf)

<use ch-igrb/plots/bl1-dnds.pdf>
Package pdftex.def Info: ch-igrb/plots/bl1-dnds.pdf used on input line 200.
(pdftex.def)             Requested size: 390.25534pt x 390.24777pt.

Underfull \vbox (badness 10000) has occurred while \output is active []

 [61]
[62pdfTeX warning (ext4): destination with the same identifier (name{figure.3.1
}) has been already used, duplicate ignored

\AtBegShi@Output ...ipout \box \AtBeginShipoutBox 
                                                  \fi \fi 
l.208 
       <./ch-igrb/plots/bl1-dnds.pdf>]
<ch-igrb/plots/bl1-Espec.pdf, id=1400, 529.5767pt x 538.26106pt>
File: ch-igrb/plots/bl1-Espec.pdf Graphic file (type pdf)

<use ch-igrb/plots/bl1-Espec.pdf>
Package pdftex.def Info: ch-igrb/plots/bl1-Espec.pdf used on input line 216.
(pdftex.def)             Requested size: 529.57541pt x 538.25975pt.

<ch-igrb/plots/bl2-Espec.pdf, id=1401, 529.5767pt x 538.26106pt>
File: ch-igrb/plots/bl2-Espec.pdf Graphic file (type pdf)

<use ch-igrb/plots/bl2-Espec.pdf>
Package pdftex.def Info: ch-igrb/plots/bl2-Espec.pdf used on input line 216.
(pdftex.def)             Requested size: 529.57541pt x 538.25975pt.

<ch-igrb/plots/bl1sf-Espec.pdf, id=1402, 529.5767pt x 538.26106pt>
File: ch-igrb/plots/bl1sf-Espec.pdf Graphic file (type pdf)

<use ch-igrb/plots/bl1sf-Espec.pdf>
Package pdftex.def Info: ch-igrb/plots/bl1sf-Espec.pdf used on input line 217.
(pdftex.def)             Requested size: 529.57541pt x 538.25975pt.

<ch-igrb/plots/bl2sf-Espec.pdf, id=1403, 529.5767pt x 538.26106pt>
File: ch-igrb/plots/bl2sf-Espec.pdf Graphic file (type pdf)

<use ch-igrb/plots/bl2sf-Espec.pdf>
Package pdftex.def Info: ch-igrb/plots/bl2sf-Espec.pdf used on input line 217.
(pdftex.def)             Requested size: 529.57541pt x 538.25975pt.


LaTeX Warning: Float too large for page by 10.1668pt on input line 221.


Underfull \vbox (badness 10000) has occurred while \output is active []

 [63]
[64pdfTeX warning (ext4): destination with the same identifier (name{figure.3.2
}) has been already used, duplicate ignored

\AtBegShi@Output ...ipout \box \AtBeginShipoutBox 
                                                  \fi \fi 
l.232 
       <./ch-igrb/plots/bl1-Espec.pdf> <./ch-igrb/plots/bl2-Espec.pdf

pdfTeX warning: pdflatex (file ./ch-igrb/plots/bl2-Espec.pdf): PDF inclusion: m
ultiple pdfs with page group included in a single page
> <./ch-igrb/plots/bl1sf-Espec.pdf

pdfTeX warning: pdflatex (file ./ch-igrb/plots/bl1sf-Espec.pdf): PDF inclusion:
 multiple pdfs with page group included in a single page
> <./ch-igrb/plots/bl2sf-Espec.pdf

pdfTeX warning: pdflatex (file ./ch-igrb/plots/bl2sf-Espec.pdf): PDF inclusion:
 multiple pdfs with page group included in a single page
>] <ch-igrb/plots/bl2-dnds.pdf, id=1478, 939.51pt x 939.51pt>
File: ch-igrb/plots/bl2-dnds.pdf Graphic file (type pdf)

<use ch-igrb/plots/bl2-dnds.pdf>
Package pdftex.def Info: ch-igrb/plots/bl2-dnds.pdf used on input line 232.
(pdftex.def)             Requested size: 390.25534pt x 390.24777pt.

Underfull \vbox (badness 10000) has occurred while \output is active []

 [65pdfTeX warning (ext4): destination with the same identifier (name{figure.3.
3}) has been already used, duplicate ignored

\AtBegShi@Output ...ipout \box \AtBeginShipoutBox 
                                                  \fi \fi 
l.234 \begin{equation}
                       <./ch-igrb/plots/bl2-dnds.pdf>]
Underfull \vbox (badness 7759) has occurred while \output is active []

 [66pdfTeX warning (ext4): destination with the same identifier (name{equation.
3.3.13}) has been already used, duplicate ignored

\AtBegShi@Output ...ipout \box \AtBeginShipoutBox 
                                                  \fi \fi 
l.247 \begin{equation}
                      ]
Underfull \vbox (badness 1264) has occurred while \output is active []

 [67pdfTeX warning (ext4): destination with the same identifier (name{equation.
3.3.13}) has been already used, duplicate ignored

\AtBegShi@Output ...ipout \box \AtBeginShipoutBox 
                                                  \fi \fi 
l.261 
      ]
<ch-igrb/plots/Rp8RBlw1-1-data-ESpec-fp-700-E15-p8-3br.pdf, id=1525, 534.66621p
t x 513.0805pt>
File: ch-igrb/plots/Rp8RBlw1-1-data-ESpec-fp-700-E15-p8-3br.pdf Graphic file (t
ype pdf)

<use ch-igrb/plots/Rp8RBlw1-1-data-ESpec-fp-700-E15-p8-3br.pdf>
Package pdftex.def Info: ch-igrb/plots/Rp8RBlw1-1-data-ESpec-fp-700-E15-p8-3br.
pdf used on input line 266.
(pdftex.def)             Requested size: 433.62pt x 416.11748pt.

<ch-igrb/plots/U3RRBlw1p8-1-data-ESpec-fp-700-E15-p8-3br.pdf, id=1526, 534.6662
1pt x 513.0805pt>
File: ch-igrb/plots/U3RRBlw1p8-1-data-ESpec-fp-700-E15-p8-3br.pdf Graphic file 
(type pdf)

<use ch-igrb/plots/U3RRBlw1p8-1-data-ESpec-fp-700-E15-p8-3br.pdf>
Package pdftex.def Info: ch-igrb/plots/U3RRBlw1p8-1-data-ESpec-fp-700-E15-p8-3b
r.pdf used on input line 266.
(pdftex.def)             Requested size: 433.62pt x 416.11748pt.
 [68pdfTeX warning (ext4): destination with the same identifier (name{figure.3.
4}) has been already used, duplicate ignored

\AtBegShi@Output ...ipout \box \AtBeginShipoutBox 
                                                  \fi \fi 
l.276 
       <./ch-igrb/plots/Rp8RBlw1-1-data-ESpec-fp-700-E15-p8-3br.pdf> <./ch-igrb
/plots/U3RRBlw1p8-1-data-ESpec-fp-700-E15-p8-3br.pdf

pdfTeX warning: pdflatex (file ./ch-igrb/plots/U3RRBlw1p8-1-data-ESpec-fp-700-E
15-p8-3br.pdf): PDF inclusion: multiple pdfs with page group included in a sing
le page
>]pdfTeX warning (ext4): destination with the same identifier (name{equation.3.
3.13}) has been already used, duplicate ignored
<to be read again> 
                   \relax 
l.280 \begin{equation}
                      pdfTeX warning (ext4): destination with the same identifi
er (name{equation.3.3.13}) has been already used, duplicate ignored
<to be read again> 
                   \relax 
l.284 \begin{equation}
                      pdfTeX warning (ext4): destination with the same identifi
er (name{equation.3.3.13}) has been already used, duplicate ignored
<to be read again> 
                   \relax 
l.290 \begin{equation}
                      
Underfull \vbox (badness 10000) has occurred while \output is active []

 [69]
[70] [71pdfTeX warning (ext4): destination with the same identifier (name{table
.3.2}) has been already used, duplicate ignored

\AtBegShi@Output ...ipout \box \AtBeginShipoutBox 
                                                  \fi \fi 
l.374 
      ]
<ch-igrb/plots/Rp8RBlw1-1-SourceCounts-final-700-E15-p8-3br.pdf, id=1588, 936.2
9799pt x 936.29799pt>
File: ch-igrb/plots/Rp8RBlw1-1-SourceCounts-final-700-E15-p8-3br.pdf Graphic fi
le (type pdf)

<use ch-igrb/plots/Rp8RBlw1-1-SourceCounts-final-700-E15-p8-3br.pdf>
Package pdftex.def Info: ch-igrb/plots/Rp8RBlw1-1-SourceCounts-final-700-E15-p8
-3br.pdf used on input line 378.
(pdftex.def)             Requested size: 390.25534pt x 390.25655pt.

Underfull \vbox (badness 3690) has occurred while \output is active []

 [72pdfTeX warning (ext4): destination with the same identifier (name{table.3.3
}) has been already used, duplicate ignored

\AtBegShi@Output ...ipout \box \AtBeginShipoutBox 
                                                  \fi \fi 
l.389 
      ] [73pdfTeX warning (ext4): destination with the same identifier (name{fi
gure.3.5}) has been already used, duplicate ignored

\AtBegShi@Output ...ipout \box \AtBeginShipoutBox 
                                                  \fi \fi 
l.389 
       <./ch-igrb/plots/Rp8RBlw1-1-SourceCounts-final-700-E15-p8-3br.pdf>]
<ch-igrb/plots/U3RRBlw1p8-1-SourceCounts-final-700-E15-p8-3br.pdf, id=1616, 936
.29799pt x 936.29799pt>
File: ch-igrb/plots/U3RRBlw1p8-1-SourceCounts-final-700-E15-p8-3br.pdf Graphic 
file (type pdf)

<use ch-igrb/plots/U3RRBlw1p8-1-SourceCounts-final-700-E15-p8-3br.pdf>
Package pdftex.def Info: ch-igrb/plots/U3RRBlw1p8-1-SourceCounts-final-700-E15-
p8-3br.pdf used on input line 395.
(pdftex.def)             Requested size: 390.25534pt x 390.25655pt.

Underfull \vbox (badness 7047) has occurred while \output is active []

 [74]
[75pdfTeX warning (ext4): destination with the same identifier (name{figure.3.6
}) has been already used, duplicate ignored

\AtBegShi@Output ...ipout \box \AtBeginShipoutBox 
                                                  \fi \fi 
l.410 T
       he best-fit source-count distributions recovered by the NPTF with PSF...
 <./ch-igrb/plots/U3RRBlw1p8-1-SourceCounts-final-700-E15-p8-3br.pdf>] [76]
<ch-igrb/plots/N128UHEp8-0K-SourceCounts-final-700-E15-p8-3br.pdf, id=1663, 939
.51pt x 939.51pt>
File: ch-igrb/plots/N128UHEp8-0K-SourceCounts-final-700-E15-p8-3br.pdf Graphic 
file (type pdf)

<use ch-igrb/plots/N128UHEp8-0K-SourceCounts-final-700-E15-p8-3br.pdf>
Package pdftex.def Info: ch-igrb/plots/N128UHEp8-0K-SourceCounts-final-700-E15-
p8-3br.pdf used on input line 444.
(pdftex.def)             Requested size: 433.62pt x 433.61342pt.

Underfull \vbox (badness 1052) has occurred while \output is active []

 [77]
[78pdfTeX warning (ext4): destination with the same identifier (name{figure.3.7
}) has been already used, duplicate ignored

\AtBegShi@Output ...ipout \box \AtBeginShipoutBox 
                                                  \fi \fi 
l.451 
       <./ch-igrb/plots/N128UHEp8-0K-SourceCounts-final-700-E15-p8-3br.pdf>]
<ch-igrb/plots/combined_intensities_v3.pdf, id=1695, 801.16055pt x 873.25478pt>
File: ch-igrb/plots/combined_intensities_v3.pdf Graphic file (type pdf)
<use ch-igrb/plots/combined_intensities_v3.pdf>
Package pdftex.def Info: ch-igrb/plots/combined_intensities_v3.pdf used on inpu
t line 451.
(pdftex.def)             Requested size: 433.62pt x 472.62987pt.

<ch-igrb/plots/combined_intensities_HE_v2.pdf, id=1700, 801.16055pt x 878.83624
pt>
File: ch-igrb/plots/combined_intensities_HE_v2.pdf Graphic file (type pdf)
 <use ch-igrb/plots/combined_intensities_HE_v2.pdf>
Package pdftex.def Info: ch-igrb/plots/combined_intensities_HE_v2.pdf used on i
nput line 454.
(pdftex.def)             Requested size: 433.62pt x 475.65071pt.

Underfull \vbox (badness 10000) has occurred while \output is active []

 [79pdfTeX warning (ext4): destination with the same identifier (name{figure.3.
8}) has been already used, duplicate ignored

\AtBegShi@Output ...ipout \box \AtBeginShipoutBox 
                                                  \fi \fi 
l.458 \end{figure*}
                    <./ch-igrb/plots/combined_intensities_v3.pdf>]
<ch-igrb/plots/dnds_UCVA_0_10_10_K.pdf, id=1734, 505.85495pt x 478.39066pt>
File: ch-igrb/plots/dnds_UCVA_0_10_10_K.pdf Graphic file (type pdf)

<use ch-igrb/plots/dnds_UCVA_0_10_10_K.pdf>
Package pdftex.def Info: ch-igrb/plots/dnds_UCVA_0_10_10_K.pdf used on input li
ne 466.
(pdftex.def)             Requested size: 505.85371pt x 478.38948pt.

<ch-igrb/plots/N_cumul_UCV_0_10_10_K.pdf, id=1735, 437.38574pt x 397.39807pt>
File: ch-igrb/plots/N_cumul_UCV_0_10_10_K.pdf Graphic file (type pdf)

<use ch-igrb/plots/N_cumul_UCV_0_10_10_K.pdf>
Package pdftex.def Info: ch-igrb/plots/N_cumul_UCV_0_10_10_K.pdf used on input 
line 466.
(pdftex.def)             Requested size: 437.38467pt x 397.3971pt.

Overfull \hbox (22.58572pt too wide) in paragraph at lines 464--468
 []$ 
 []


Underfull \vbox (badness 10000) has occurred while \output is active []

 [80]
[81pdfTeX warning (ext4): destination with the same identifier (name{figure.3.9
}) has been already used, duplicate ignored

\AtBegShi@Output ...ipout \box \AtBeginShipoutBox 
                                                  \fi \fi 
l.475 
       <./ch-igrb/plots/combined_intensities_HE_v2.pdf>] [82pdfTeX warning (ext
4): destination with the same identifier (name{figure.3.10}) has been already u
sed, duplicate ignored

\AtBegShi@Output ...ipout \box \AtBeginShipoutBox 
                                                  \fi \fi 
l.475 
       <./ch-igrb/plots/dnds_UCVA_0_10_10_K.pdf> <./ch-igrb/plots/N_cumul_UCV_0
_10_10_K.pdf

pdfTeX warning: pdflatex (file ./ch-igrb/plots/N_cumul_UCV_0_10_10_K.pdf): PDF 
inclusion: multiple pdfs with page group included in a single page
>]
Underfull \vbox (badness 10000) has occurred while \output is active []

 [83]
[84]
Underfull \vbox (badness 10000) has occurred while \output is active []

 [85]
<ch-igrb/plots/spectra_new_simp.pdf, id=1849, 481.31433pt x 471.8922pt>
File: ch-igrb/plots/spectra_new_simp.pdf Graphic file (type pdf)

<use ch-igrb/plots/spectra_new_simp.pdf>
Package pdftex.def Info: ch-igrb/plots/spectra_new_simp.pdf used on input line 
523.
(pdftex.def)             Requested size: 346.89731pt x 340.10054pt.
 [86pdfTeX warning (ext4): destination with the same identifier (name{table.3.4
}) has been already used, duplicate ignored

\AtBegShi@Output ...ipout \box \AtBeginShipoutBox 
                                                  \fi \fi 
l.533 
      ] [87pdfTeX warning (ext4): destination with the same identifier (name{fi
gure.3.11}) has been already used, duplicate ignored

\AtBegShi@Output ...ipout \box \AtBeginShipoutBox 
                                                  \fi \fi 
l.533 
       <./ch-igrb/plots/spectra_new_simp.pdf>]
Underfull \vbox (badness 10000) has occurred while \output is active []

 [88]
<ch-igrb/plots/temp_map_low_E.pdf, id=1911, 614.295pt x 390.25798pt>
File: ch-igrb/plots/temp_map_low_E.pdf Graphic file (type pdf)

<use ch-igrb/plots/temp_map_low_E.pdf>
Package pdftex.def Info: ch-igrb/plots/temp_map_low_E.pdf used on input line 54
8.
(pdftex.def)             Requested size: 368.57983pt x 234.15659pt.

<ch-igrb/plots/temp_map_high_E.pdf, id=1912, 614.295pt x 390.25798pt>
File: ch-igrb/plots/temp_map_high_E.pdf Graphic file (type pdf)

<use ch-igrb/plots/temp_map_high_E.pdf>
Package pdftex.def Info: ch-igrb/plots/temp_map_high_E.pdf used on input line 5
49.
(pdftex.def)             Requested size: 368.57983pt x 234.15659pt.

Underfull \vbox (badness 10000) has occurred while \output is active []

 [89]
[90] [91pdfTeX warning (ext4): destination with the same identifier (name{figur
e.3.12}) has been already used, duplicate ignored

\AtBegShi@Output ...ipout \box \AtBeginShipoutBox 
                                                  \fi \fi 
l.563 D
       eciphering the constituents of the EGB remains an important goal in t...
 <./ch-igrb/plots/temp_map_low_E.pdf> <./ch-igrb/plots/temp_map_high_E.pdf

pdfTeX warning: pdflatex (file ./ch-igrb/plots/temp_map_high_E.pdf): PDF inclus
ion: multiple pdfs with page group included in a single page
>]) [92]
\openout2 = `ch-darksky/fermi_darksky.aux'.

 (./ch-darksky/fermi_darksky.tex
Chapter 4.
[93



]
Underfull \vbox (badness 10000) has occurred while \output is active []

 [94]
<ch-darksky/plots//DarkSky-galaxies.pdf, id=2056, 1269.613pt x 584.88576pt>
File: ch-darksky/plots//DarkSky-galaxies.pdf Graphic file (type pdf)

<use ch-darksky/plots//DarkSky-galaxies.pdf>
Package pdftex.def Info: ch-darksky/plots//DarkSky-galaxies.pdf used on input l
ine 18.
(pdftex.def)             Requested size: 390.25534pt x 179.77766pt.
 [95pdfTeX warning (ext4): destination with the same identifier (name{figure.4.
1}) has been already used, duplicate ignored

\AtBegShi@Output ...ipout \box \AtBeginShipoutBox 
                                                  \fi \fi 
l.24 
      <./ch-darksky/plots//DarkSky-galaxies.pdf>] [96]
Underfull \vbox (badness 10000) has occurred while \output is active []

 [97]
[98] <ch-darksky/plots//DarkSky_heatmap.pdf, id=2245, 433.62pt x 303.534pt>
File: ch-darksky/plots//DarkSky_heatmap.pdf Graphic file (type pdf)

<use ch-darksky/plots//DarkSky_heatmap.pdf>
Package pdftex.def Info: ch-darksky/plots//DarkSky_heatmap.pdf used on input li
ne 70.
(pdftex.def)             Requested size: 346.89731pt x 242.84142pt.
 [99]
Underfull \vbox (badness 1675) has occurred while \output is active []

 [100pdfTeX warning (ext4): destination with the same identifier (name{figure.4
.2}) has been already used, duplicate ignored

\AtBegShi@Output ...ipout \box \AtBeginShipoutBox 
                                                  \fi \fi 
l.82 \begin{equation}
                      <./ch-darksky/plots//DarkSky_heatmap.pdf>]
<ch-darksky/plots//LofM.pdf, id=2296, 602.25pt x 481.8pt>
File: ch-darksky/plots//LofM.pdf Graphic file (type pdf)

<use ch-darksky/plots//LofM.pdf>
Package pdftex.def Info: ch-darksky/plots//LofM.pdf used on input line 90.
(pdftex.def)             Requested size: 195.12767pt x 156.10527pt.

<ch-darksky/plots//LofMinf.pdf, id=2297, 602.25pt x 481.8pt>
File: ch-darksky/plots//LofMinf.pdf Graphic file (type pdf)

<use ch-darksky/plots//LofMinf.pdf>
Package pdftex.def Info: ch-darksky/plots//LofMinf.pdf used on input line 91.
(pdftex.def)             Requested size: 195.12767pt x 156.10527pt.
 [101pdfTeX warning (ext4): destination with the same identifier (name{figure.4
.3}) has been already used, duplicate ignored

\AtBegShi@Output ...ipout \box \AtBeginShipoutBox 
                                                  \fi \fi 
l.98 
      <./ch-darksky/plots//LofM.pdf> <./ch-darksky/plots//LofMinf.pdf

pdfTeX warning: pdflatex (file ./ch-darksky/plots//LofMinf.pdf): PDF inclusion:
 multiple pdfs with page group included in a single page
>] [102]
Underfull \vbox (badness 1997) has occurred while \output is active []

 [103]
<ch-darksky/plots//cvir_models.pdf, id=2382, 602.25pt x 481.8pt>
File: ch-darksky/plots//cvir_models.pdf Graphic file (type pdf)

<use ch-darksky/plots//cvir_models.pdf>
Package pdftex.def Info: ch-darksky/plots//cvir_models.pdf used on input line 1
20.
(pdftex.def)             Requested size: 212.47617pt x 169.97787pt.

<ch-darksky/plots//boost_models.pdf, id=2383, 602.25pt x 481.8pt>
File: ch-darksky/plots//boost_models.pdf Graphic file (type pdf)

<use ch-darksky/plots//boost_models.pdf>
Package pdftex.def Info: ch-darksky/plots//boost_models.pdf used on input line 
121.
(pdftex.def)             Requested size: 212.47617pt x 169.97787pt.

Underfull \vbox (badness 10000) has occurred while \output is active []

 [104]
Underfull \vbox (badness 7486) has occurred while \output is active []

 [105pdfTeX warning (ext4): destination with the same identifier (name{figure.4
.4}) has been already used, duplicate ignored

\AtBegShi@Output ...ipout \box \AtBeginShipoutBox 
                                                  \fi \fi 
l.131 
       <./ch-darksky/plots//cvir_models.pdf> <./ch-darksky/plots//boost_models.
pdf

pdfTeX warning: pdflatex (file ./ch-darksky/plots//boost_models.pdf): PDF inclu
sion: multiple pdfs with page group included in a single page
>]
Underfull \vbox (badness 1052) has occurred while \output is active []

 [106]
[107]
Underfull \vbox (badness 10000) has occurred while \output is active []

 [108]
Underfull \vbox (badness 10000) has occurred while \output is active []

 [109]
Underfull \vbox (badness 10000) has occurred while \output is active []

 [110]
Underfull \vbox (badness 10000) has occurred while \output is active []

 [111]
[112] <ch-darksky/plots//darksky_limits.pdf, id=2533, 595.023pt x 474.57298pt>
File: ch-darksky/plots//darksky_limits.pdf Graphic file (type pdf)

<use ch-darksky/plots//darksky_limits.pdf>
Package pdftex.def Info: ch-darksky/plots//darksky_limits.pdf used on input lin
e 225.
(pdftex.def)             Requested size: 195.12767pt x 155.62474pt.

<ch-darksky/plots//darksky_reduced_err.pdf, id=2534, 595.023pt x 474.57298pt>
File: ch-darksky/plots//darksky_reduced_err.pdf Graphic file (type pdf)

<use ch-darksky/plots//darksky_reduced_err.pdf>
Package pdftex.def Info: ch-darksky/plots//darksky_reduced_err.pdf used on inpu
t line 226.
(pdftex.def)             Requested size: 195.12767pt x 155.62474pt.

Underfull \vbox (badness 10000) has occurred while \output is active []

 [113]
<ch-darksky/plots//darksky_elephants.pdf, id=2544, 792.63707pt x 523.77316pt>
File: ch-darksky/plots//darksky_elephants.pdf Graphic file (type pdf)

<use ch-darksky/plots//darksky_elephants.pdf>
Package pdftex.def Info: ch-darksky/plots//darksky_elephants.pdf used on input 
line 237.
(pdftex.def)             Requested size: 433.62pt x 286.53365pt.

Underfull \vbox (badness 10000) has occurred while \output is active []

 [114pdfTeX warning (ext4): destination with the same identifier (name{figure.4
.5}) has been already used, duplicate ignored

\AtBegShi@Output ...ipout \box \AtBeginShipoutBox 
                                                  \fi \fi 
l.242 
       <./ch-darksky/plots//darksky_limits.pdf> <./ch-darksky/plots//darksky_re
duced_err.pdf

pdfTeX warning: pdflatex (file ./ch-darksky/plots//darksky_reduced_err.pdf): PD
F inclusion: multiple pdfs with page group included in a single page
>]
Underfull \vbox (badness 10000) has occurred while \output is active []

 [115pdfTeX warning (ext4): destination with the same identifier (name{figure.4
.6}) has been already used, duplicate ignored

\AtBegShi@Output ...ipout \box \AtBeginShipoutBox 
                                                  \fi \fi 
l.246 
       <./ch-darksky/plots//darksky_elephants.pdf, page is rotated 270 degrees>
] [116] <ch-darksky/plots//cat_jfactors.pdf, id=2649, 602.25pt x 481.8pt>
File: ch-darksky/plots//cat_jfactors.pdf Graphic file (type pdf)

<use ch-darksky/plots//cat_jfactors.pdf>
Package pdftex.def Info: ch-darksky/plots//cat_jfactors.pdf used on input line 
253.
(pdftex.def)             Requested size: 346.89731pt x 277.5254pt.

<ch-darksky/plots//cat_masses.pdf, id=2664, 602.25pt x 481.8pt>
File: ch-darksky/plots//cat_masses.pdf Graphic file (type pdf)

<use ch-darksky/plots//cat_masses.pdf>
Package pdftex.def Info: ch-darksky/plots//cat_masses.pdf used on input line 26
2.
(pdftex.def)             Requested size: 195.12767pt x 156.10527pt.

<ch-darksky/plots//cat_redshifts.pdf, id=2665, 602.25pt x 481.8pt>
File: ch-darksky/plots//cat_redshifts.pdf Graphic file (type pdf)

<use ch-darksky/plots//cat_redshifts.pdf>
Package pdftex.def Info: ch-darksky/plots//cat_redshifts.pdf used on input line
 263.
(pdftex.def)             Requested size: 195.12767pt x 156.10527pt.
 [117pdfTeX warning (ext4): destination with the same identifier (name{figure.4
.7}) has been already used, duplicate ignored

\AtBegShi@Output ...ipout \box \AtBeginShipoutBox 
                                                  \fi \fi 
l.269 
       <./ch-darksky/plots//cat_jfactors.pdf>]
Underfull \vbox (badness 10000) has occurred while \output is active []

 [118pdfTeX warning (ext4): destination with the same identifier (name{figure.4
.8}) has been already used, duplicate ignored

\AtBegShi@Output ...ipout \box \AtBeginShipoutBox 
                                                  \fi \fi 
l.273 T
       he differences in the $J$-factor distributions can be traced to the r...
 <./ch-darksky/plots//cat_masses.pdf> <./ch-darksky/plots//cat_redshifts.pdf

pdfTeX warning: pdflatex (file ./ch-darksky/plots//cat_redshifts.pdf): PDF incl
usion: multiple pdfs with page group included in a single page
>] [119]
Underfull \vbox (badness 10000) has occurred while \output is active []

 [120]
<ch-darksky/plots//signal_recovery_10GeV.pdf, id=2757, 603.5706pt x 410.82172pt
>
File: ch-darksky/plots//signal_recovery_10GeV.pdf Graphic file (type pdf)
 <use ch-darksky/plots//signal_recovery_10GeV.pdf>
Package pdftex.def Info: ch-darksky/plots//signal_recovery_10GeV.pdf used on in
put line 293.
(pdftex.def)             Requested size: 151.76964pt x 103.30069pt.

<ch-darksky/plots//signal_recovery_100GeV.pdf, id=2758, 481.8pt x 385.44pt>
File: ch-darksky/plots//signal_recovery_100GeV.pdf Graphic file (type pdf)

<use ch-darksky/plots//signal_recovery_100GeV.pdf>
Package pdftex.def Info: ch-darksky/plots//signal_recovery_100GeV.pdf used on i
nput line 294.
(pdftex.def)             Requested size: 130.08731pt x 104.07019pt.

<ch-darksky/plots//signal_recovery_10TeV.pdf, id=2759, 481.8pt x 385.44pt>
File: ch-darksky/plots//signal_recovery_10TeV.pdf Graphic file (type pdf)

<use ch-darksky/plots//signal_recovery_10TeV.pdf>
Package pdftex.def Info: ch-darksky/plots//signal_recovery_10TeV.pdf used on in
put line 295.
(pdftex.def)             Requested size: 130.08731pt x 104.07019pt.

<ch-darksky/plots//signal_recovery_10GeV_loc2.pdf, id=2760, 605.60635pt x 421.8
3379pt>
File: ch-darksky/plots//signal_recovery_10GeV_loc2.pdf Graphic file (type pdf)
 <use ch-darksky/plots//signal_recovery_10GeV_loc2.pdf>
Package pdftex.def Info: ch-darksky/plots//signal_recovery_10GeV_loc2.pdf used 
on input line 296.
(pdftex.def)             Requested size: 147.4292pt x 102.69041pt.

<ch-darksky/plots//signal_recovery_100GeV_loc2.pdf, id=2761, 481.8pt x 385.44pt
>
File: ch-darksky/plots//signal_recovery_100GeV_loc2.pdf Graphic file (type pdf)

 <use ch-darksky/plots//signal_recovery_100GeV_loc2.pdf>
Package pdftex.def Info: ch-darksky/plots//signal_recovery_100GeV_loc2.pdf used
 on input line 297.
(pdftex.def)             Requested size: 130.08731pt x 104.07019pt.

<ch-darksky/plots//signal_recovery_10TeV_loc2.pdf, id=2762, 481.8pt x 385.44pt>
File: ch-darksky/plots//signal_recovery_10TeV_loc2.pdf Graphic file (type pdf)
<use ch-darksky/plots//signal_recovery_10TeV_loc2.pdf>
Package pdftex.def Info: ch-darksky/plots//signal_recovery_10TeV_loc2.pdf used 
on input line 298.
(pdftex.def)             Requested size: 130.08731pt x 104.07019pt.
 [121pdfTeX warning (ext4): destination with the same identifier (name{figure.4
.9}) has been already used, duplicate ignored

\AtBegShi@Output ...ipout \box \AtBeginShipoutBox 
                                                  \fi \fi 
l.305 
       <./ch-darksky/plots//signal_recovery_10GeV.pdf> <./ch-darksky/plots//sig
nal_recovery_100GeV.pdf> <./ch-darksky/plots//signal_recovery_10TeV.pdf

pdfTeX warning: pdflatex (file ./ch-darksky/plots//signal_recovery_10TeV.pdf): 
PDF inclusion: multiple pdfs with page group included in a single page
> <./ch-darksky/plots//signal_recovery_10GeV_loc2.pdf> <./ch-darksky/plots//sig
nal_recovery_100GeV_loc2.pdf

pdfTeX warning: pdflatex (file ./ch-darksky/plots//signal_recovery_100GeV_loc2.
pdf): PDF inclusion: multiple pdfs with page group included in a single page
> <./ch-darksky/plots//signal_recovery_10TeV_loc2.pdf

pdfTeX warning: pdflatex (file ./ch-darksky/plots//signal_recovery_10TeV_loc2.p
df): PDF inclusion: multiple pdfs with page group included in a single page
>]
Underfull \vbox (badness 10000) has occurred while \output is active []

 [122]
Underfull \vbox (badness 10000) has occurred while \output is active []

 [123])
[124]
\openout2 = `ch-clusters/fermi_data_clusters_arxiv_v2.aux'.

 (./ch-clusters/fermi_data_clusters_arxiv_v2.tex
Chapter 5.

Underfull \vbox (badness 1137) has occurred while \output is active []

 [125



]
Overfull \hbox (14.21669pt too wide) in paragraph at lines 51--51
 \T1/aer/m/n/12 [GeV$[]$cm$[]$sr]| 
 []


Overfull \hbox (5.5202pt too wide) in paragraph at lines 51--51
 \T1/aer/m/n/12 0.80$\OMS/cmsy/m/n/12 ^^F$\T1/aer/m/n/12 0.18| 
 []


Overfull \hbox (5.5202pt too wide) in paragraph at lines 51--51
 \T1/aer/m/n/12 1.00$\OMS/cmsy/m/n/12 ^^F$\T1/aer/m/n/12 0.17| 
 []


Overfull \hbox (5.5202pt too wide) in paragraph at lines 51--51
 \T1/aer/m/n/12 1.02$\OMS/cmsy/m/n/12 ^^F$\T1/aer/m/n/12 0.17| 
 []


Overfull \hbox (5.5202pt too wide) in paragraph at lines 51--51
 \T1/aer/m/n/12 0.80$\OMS/cmsy/m/n/12 ^^F$\T1/aer/m/n/12 0.18| 
 []


Overfull \hbox (5.5202pt too wide) in paragraph at lines 51--51
 \T1/aer/m/n/12 0.89$\OMS/cmsy/m/n/12 ^^F$\T1/aer/m/n/12 0.17| 
 []


Underfull \vbox (badness 10000) has occurred while \output is active []

 [126pdfTeX warning (ext4): destination with the same identifier (name{table.5.
1}) has been already used, duplicate ignored

\AtBegShi@Output ...ipout \box \AtBeginShipoutBox 
                                                  \fi \fi 
l.60 
     ]
Underfull \vbox (badness 10000) has occurred while \output is active []

 [127]
[128]
Underfull \vbox (badness 3895) has occurred while \output is active []

 [129]
Underfull \vbox (badness 10000) has occurred while \output is active []

 [130]
Underfull \hbox (badness 10000) in paragraph at lines 89--89
[][][][]$\T1/aett/m/n/10 https : / / fermi . gsfc . nasa . gov / ssc / data / a
nalysis / documentation / Cicerone / Cicerone _
 []

<ch-clusters/plots/bounds.pdf, id=3027, 595.023pt x 474.57298pt>
File: ch-clusters/plots/bounds.pdf Graphic file (type pdf)

<use ch-clusters/plots/bounds.pdf>
Package pdftex.def Info: ch-clusters/plots/bounds.pdf used on input line 97.
(pdftex.def)             Requested size: 346.89731pt x 276.67908pt.

<ch-clusters/plots/elephant.pdf, id=3032, 595.023pt x 474.57298pt>
File: ch-clusters/plots/elephant.pdf Graphic file (type pdf)

<use ch-clusters/plots/elephant.pdf>
Package pdftex.def Info: ch-clusters/plots/elephant.pdf used on input line 110.

(pdftex.def)             Requested size: 346.89731pt x 276.67908pt.
 [131]
Underfull \vbox (badness 10000) has occurred while \output is active []

 [132pdfTeX warning (ext4): destination with the same identifier (name{figure.5
.1}) has been already used, duplicate ignored

\AtBegShi@Output ...ipout \box \AtBeginShipoutBox 
                                                  \fi \fi 
l.121 
       <./ch-clusters/plots/bounds.pdf>]
Underfull \vbox (badness 5161) has occurred while \output is active []

 [133pdfTeX warning (ext4): destination with the same identifier (name{figure.5
.2}) has been already used, duplicate ignored

\AtBegShi@Output ...ipout \box \AtBeginShipoutBox 
                                                  \fi \fi 
l.122 T
       he final step of the analysis involves stacking the likelihoods from ...
 <./ch-clusters/plots/elephant.pdf>] [134] [135]
Underfull \vbox (badness 1484) has occurred while \output is active []

 [136])
[137]
\openout2 = `ch-appendicies/fermi_darksky.aux'.

 (./ch-appendicies/fermi_darksky.tex
Appendix A.

Package hyperref Warning: Token not allowed in a PDF string (PDFDocEncoding):
(hyperref)                removing `math shift' on input line 3.


Package hyperref Warning: Token not allowed in a PDF string (PDFDocEncoding):
(hyperref)                removing `math shift' on input line 3.


Package hyperref Warning: Token not allowed in a PDF string (PDFDocEncoding):
(hyperref)                removing `math shift' on input line 3.


Package hyperref Warning: Token not allowed in a PDF string (PDFDocEncoding):
(hyperref)                removing `math shift' on input line 3.


Underfull \vbox (badness 10000) has occurred while \output is active []

 [138



]
Underfull \vbox (badness 1642) has occurred while \output is active []

 [139]
Underfull \vbox (badness 10000) has occurred while \output is active []

 [140]

Package hyperref Warning: Token not allowed in a PDF string (PDFDocEncoding):
(hyperref)                removing `math shift' on input line 67.


Package hyperref Warning: Token not allowed in a PDF string (PDFDocEncoding):
(hyperref)                removing `math shift' on input line 67.


Package hyperref Warning: Token not allowed in a PDF string (PDFDocEncoding):
(hyperref)                removing `math shift' on input line 67.


Package hyperref Warning: Token not allowed in a PDF string (PDFDocEncoding):
(hyperref)                removing `math shift' on input line 67.


Underfull \vbox (badness 10000) has occurred while \output is active []

 [141]
Underfull \vbox (badness 10000) has occurred while \output is active []

 [142]
Overfull \hbox (22.10353pt too wide) in alignment at lines 97--103
 [][][] []
 []


Underfull \vbox (badness 10000) has occurred while \output is active []

 [143]
Underfull \vbox (badness 10000) has occurred while \output is active []

 [144]
Underfull \vbox (badness 10000) has occurred while \output is active []

 [145]
Underfull \vbox (badness 10000) has occurred while \output is active []

 [146])
[147]
\openout2 = `ch-appendicies/fermi_data_clusters_arxiv_v2.aux'.

 (./ch-appendicies/fermi_data_clusters_arxiv_v2.tex
Appendix B.

Underfull \vbox (badness 10000) has occurred while \output is active []

 [148



]
<ch-clusters/plots/elephant10.pdf, id=3250, 595.023pt x 474.57298pt>
File: ch-clusters/plots/elephant10.pdf Graphic file (type pdf)

<use ch-clusters/plots/elephant10.pdf>
Package pdftex.def Info: ch-clusters/plots/elephant10.pdf used on input line 18
.
(pdftex.def)             Requested size: 195.12767pt x 155.62474pt.

<ch-clusters/plots/elephant10000.pdf, id=3251, 595.023pt x 474.57298pt>
File: ch-clusters/plots/elephant10000.pdf Graphic file (type pdf)

<use ch-clusters/plots/elephant10000.pdf>
Package pdftex.def Info: ch-clusters/plots/elephant10000.pdf used on input line
 19.
(pdftex.def)             Requested size: 195.12767pt x 155.62474pt.

Underfull \vbox (badness 10000) has occurred while \output is active []

 [149pdfTeX warning (ext4): destination with the same identifier (name{figure.B
.1}) has been already used, duplicate ignored

\AtBegShi@Output ...ipout \box \AtBeginShipoutBox 
                                                  \fi \fi 
l.27 
      <./ch-clusters/plots/elephant10.pdf> <./ch-clusters/plots/elephant10000.p
df

pdfTeX warning: pdflatex (file ./ch-clusters/plots/elephant10000.pdf): PDF incl
usion: multiple pdfs with page group included in a single page
>] <ch-clusters/plots/global_maxts.pdf, id=3296, 595.023pt x 474.57298pt>
File: ch-clusters/plots/global_maxts.pdf Graphic file (type pdf)

<use ch-clusters/plots/global_maxts.pdf>
Package pdftex.def Info: ch-clusters/plots/global_maxts.pdf used on input line 
30.
(pdftex.def)             Requested size: 195.12767pt x 155.62474pt.

<ch-clusters/plots/other_annh.pdf, id=3297, 595.023pt x 474.57298pt>
File: ch-clusters/plots/other_annh.pdf Graphic file (type pdf)

<use ch-clusters/plots/other_annh.pdf>
Package pdftex.def Info: ch-clusters/plots/other_annh.pdf used on input line 31
.
(pdftex.def)             Requested size: 195.12767pt x 155.62474pt.

Underfull \vbox (badness 10000) has occurred while \output is active []

 [150pdfTeX warning (ext4): destination with the same identifier (name{figure.B
.2}) has been already used, duplicate ignored

\AtBegShi@Output ...ipout \box \AtBeginShipoutBox 
                                                  \fi \fi 
l.40 
      <./ch-clusters/plots/global_maxts.pdf> <./ch-clusters/plots/other_annh.pd
f

pdfTeX warning: pdflatex (file ./ch-clusters/plots/other_annh.pdf): PDF inclusi
on: multiple pdfs with page group included in a single page
>] <ch-clusters/plots/signal_recovery_10GeV.pdf, id=3340, 602.25pt x 481.8pt>
File: ch-clusters/plots/signal_recovery_10GeV.pdf Graphic file (type pdf)

<use ch-clusters/plots/signal_recovery_10GeV.pdf>
Package pdftex.def Info: ch-clusters/plots/signal_recovery_10GeV.pdf used on in
put line 43.
(pdftex.def)             Requested size: 138.76157pt x 111.01016pt.

<ch-clusters/plots/signal_recovery_100GeV.pdf, id=3341, 602.25pt x 481.8pt>
File: ch-clusters/plots/signal_recovery_100GeV.pdf Graphic file (type pdf)

<use ch-clusters/plots/signal_recovery_100GeV.pdf>
Package pdftex.def Info: ch-clusters/plots/signal_recovery_100GeV.pdf used on i
nput line 44.
(pdftex.def)             Requested size: 138.76157pt x 111.01016pt.

<ch-clusters/plots/signal_recovery_10TeV.pdf, id=3342, 602.25pt x 481.8pt>
File: ch-clusters/plots/signal_recovery_10TeV.pdf Graphic file (type pdf)

<use ch-clusters/plots/signal_recovery_10TeV.pdf>
Package pdftex.def Info: ch-clusters/plots/signal_recovery_10TeV.pdf used on in
put line 45.
(pdftex.def)             Requested size: 138.76157pt x 111.01016pt.

<ch-clusters/plots/injsig_maxTS10GeV.pdf, id=3343, 595.023pt x 437.51146pt>
File: ch-clusters/plots/injsig_maxTS10GeV.pdf Graphic file (type pdf)

<use ch-clusters/plots/injsig_maxTS10GeV.pdf>
Package pdftex.def Info: ch-clusters/plots/injsig_maxTS10GeV.pdf used on input 
line 46.
(pdftex.def)             Requested size: 138.76157pt x 102.02745pt.

<ch-clusters/plots/injsig_maxTS100GeV.pdf, id=3344, 595.023pt x 437.51146pt>
File: ch-clusters/plots/injsig_maxTS100GeV.pdf Graphic file (type pdf)

<use ch-clusters/plots/injsig_maxTS100GeV.pdf>
Package pdftex.def Info: ch-clusters/plots/injsig_maxTS100GeV.pdf used on input
 line 47.
(pdftex.def)             Requested size: 138.76157pt x 102.02745pt.

<ch-clusters/plots/injsig_maxTS10TeV.pdf, id=3345, 595.023pt x 437.51146pt>
File: ch-clusters/plots/injsig_maxTS10TeV.pdf Graphic file (type pdf)

<use ch-clusters/plots/injsig_maxTS10TeV.pdf>
Package pdftex.def Info: ch-clusters/plots/injsig_maxTS10TeV.pdf used on input 
line 48.
(pdftex.def)             Requested size: 138.76157pt x 102.02745pt.
 [151pdfTeX warning (ext4): destination with the same identifier (name{figure.B
.3}) has been already used, duplicate ignored

\AtBegShi@Output ...ipout \box \AtBeginShipoutBox 
                                                  \fi \fi 
l.60 }
       <./ch-clusters/plots/signal_recovery_10GeV.pdf> <./ch-clusters/plots/sig
nal_recovery_100GeV.pdf

pdfTeX warning: pdflatex (file ./ch-clusters/plots/signal_recovery_100GeV.pdf):
 PDF inclusion: multiple pdfs with page group included in a single page
> <./ch-clusters/plots/signal_recovery_10TeV.pdf

pdfTeX warning: pdflatex (file ./ch-clusters/plots/signal_recovery_10TeV.pdf): 
PDF inclusion: multiple pdfs with page group included in a single page
> <./ch-clusters/plots/injsig_maxTS10GeV.pdf

pdfTeX warning: pdflatex (file ./ch-clusters/plots/injsig_maxTS10GeV.pdf): PDF 
inclusion: multiple pdfs with page group included in a single page
> <./ch-clusters/plots/injsig_maxTS100GeV.pdf

pdfTeX warning: pdflatex (file ./ch-clusters/plots/injsig_maxTS100GeV.pdf): PDF
 inclusion: multiple pdfs with page group included in a single page
> <./ch-clusters/plots/injsig_maxTS10TeV.pdf

pdfTeX warning: pdflatex (file ./ch-clusters/plots/injsig_maxTS10TeV.pdf): PDF 
inclusion: multiple pdfs with page group included in a single page
>]
Underfull \vbox (badness 10000) has occurred while \output is active []

 [152]
[153]
Overfull \hbox (0.63847pt too wide) in paragraph at lines 112--112
 \T1/aer/m/n/10 12.4$\OMS/cmsy/m/n/10 ^^F$\T1/aer/m/n/10 0.12| 
 []


Overfull \hbox (6.32893pt too wide) in paragraph at lines 112--112
 \T1/aer/m/n/10 1.04$\OMS/cmsy/m/n/10 ^^F$\T1/aer/m/n/10 0.17| 
 []


Overfull \hbox (0.63847pt too wide) in paragraph at lines 112--112
 \T1/aer/m/n/10 14.6$\OMS/cmsy/m/n/10 ^^F$\T1/aer/m/n/10 0.14| 
 []


Overfull \hbox (6.32893pt too wide) in paragraph at lines 112--112
 \T1/aer/m/n/10 0.80$\OMS/cmsy/m/n/10 ^^F$\T1/aer/m/n/10 0.18| 
 []


Overfull \hbox (0.63847pt too wide) in paragraph at lines 112--112
 \T1/aer/m/n/10 12.9$\OMS/cmsy/m/n/10 ^^F$\T1/aer/m/n/10 0.12| 
 []


Overfull \hbox (6.32893pt too wide) in paragraph at lines 112--112
 \T1/aer/m/n/10 0.99$\OMS/cmsy/m/n/10 ^^F$\T1/aer/m/n/10 0.17| 
 []


Overfull \hbox (0.63847pt too wide) in paragraph at lines 112--112
 \T1/aer/m/n/10 12.7$\OMS/cmsy/m/n/10 ^^F$\T1/aer/m/n/10 0.12| 
 []


Overfull \hbox (6.32893pt too wide) in paragraph at lines 112--112
 \T1/aer/m/n/10 1.00$\OMS/cmsy/m/n/10 ^^F$\T1/aer/m/n/10 0.17| 
 []


Overfull \hbox (0.63847pt too wide) in paragraph at lines 112--112
 \T1/aer/m/n/10 12.6$\OMS/cmsy/m/n/10 ^^F$\T1/aer/m/n/10 0.12| 
 []


Overfull \hbox (6.32893pt too wide) in paragraph at lines 112--112
 \T1/aer/m/n/10 1.01$\OMS/cmsy/m/n/10 ^^F$\T1/aer/m/n/10 0.17| 
 []


Overfull \hbox (0.63847pt too wide) in paragraph at lines 112--112
 \T1/aer/m/n/10 10.7$\OMS/cmsy/m/n/10 ^^F$\T1/aer/m/n/10 0.10| 
 []


Overfull \hbox (6.32893pt too wide) in paragraph at lines 112--112
 \T1/aer/m/n/10 1.17$\OMS/cmsy/m/n/10 ^^F$\T1/aer/m/n/10 0.17| 
 []


Overfull \hbox (0.63847pt too wide) in paragraph at lines 112--112
 \T1/aer/m/n/10 12.6$\OMS/cmsy/m/n/10 ^^F$\T1/aer/m/n/10 0.12| 
 []


Overfull \hbox (6.32893pt too wide) in paragraph at lines 112--112
 \T1/aer/m/n/10 1.02$\OMS/cmsy/m/n/10 ^^F$\T1/aer/m/n/10 0.17| 
 []


Overfull \hbox (6.97118pt too wide) in paragraph at lines 112--112
 \T1/aer/m/n/10 NGC4696/Centaurus| 
 []


Overfull \hbox (0.63847pt too wide) in paragraph at lines 112--112
 \T1/aer/m/n/10 14.6$\OMS/cmsy/m/n/10 ^^F$\T1/aer/m/n/10 0.14| 
 []


Overfull \hbox (6.32893pt too wide) in paragraph at lines 112--112
 \T1/aer/m/n/10 0.80$\OMS/cmsy/m/n/10 ^^F$\T1/aer/m/n/10 0.18| 
 []


Overfull \hbox (0.63847pt too wide) in paragraph at lines 112--112
 \T1/aer/m/n/10 13.8$\OMS/cmsy/m/n/10 ^^F$\T1/aer/m/n/10 0.13| 
 []


Overfull \hbox (6.32893pt too wide) in paragraph at lines 112--112
 \T1/aer/m/n/10 0.89$\OMS/cmsy/m/n/10 ^^F$\T1/aer/m/n/10 0.17| 
 []


Overfull \hbox (0.63847pt too wide) in paragraph at lines 112--112
 \T1/aer/m/n/10 13.5$\OMS/cmsy/m/n/10 ^^F$\T1/aer/m/n/10 0.13| 
 []


Overfull \hbox (6.32893pt too wide) in paragraph at lines 112--112
 \T1/aer/m/n/10 0.92$\OMS/cmsy/m/n/10 ^^F$\T1/aer/m/n/10 0.17| 
 []


Overfull \hbox (0.63847pt too wide) in paragraph at lines 112--112
 \T1/aer/m/n/10 13.3$\OMS/cmsy/m/n/10 ^^F$\T1/aer/m/n/10 0.13| 
 []


Overfull \hbox (6.32893pt too wide) in paragraph at lines 112--112
 \T1/aer/m/n/10 0.94$\OMS/cmsy/m/n/10 ^^F$\T1/aer/m/n/10 0.17| 
 []


Overfull \hbox (0.63847pt too wide) in paragraph at lines 112--112
 \T1/aer/m/n/10 10.6$\OMS/cmsy/m/n/10 ^^F$\T1/aer/m/n/10 0.10| 
 []


Overfull \hbox (6.32893pt too wide) in paragraph at lines 112--112
 \T1/aer/m/n/10 1.18$\OMS/cmsy/m/n/10 ^^F$\T1/aer/m/n/10 0.17| 
 []


Overfull \hbox (0.63847pt too wide) in paragraph at lines 112--112
 \T1/aer/m/n/10 15.1$\OMS/cmsy/m/n/10 ^^F$\T1/aer/m/n/10 0.15| 
 []


Overfull \hbox (6.32893pt too wide) in paragraph at lines 112--112
 \T1/aer/m/n/10 0.74$\OMS/cmsy/m/n/10 ^^F$\T1/aer/m/n/10 0.18| 
 []


Overfull \hbox (0.63847pt too wide) in paragraph at lines 112--112
 \T1/aer/m/n/10 12.2$\OMS/cmsy/m/n/10 ^^F$\T1/aer/m/n/10 0.12| 
 []


Overfull \hbox (6.32893pt too wide) in paragraph at lines 112--112
 \T1/aer/m/n/10 1.05$\OMS/cmsy/m/n/10 ^^F$\T1/aer/m/n/10 0.17| 
 []


Overfull \hbox (0.63847pt too wide) in paragraph at lines 112--112
 \T1/aer/m/n/10 15.0$\OMS/cmsy/m/n/10 ^^F$\T1/aer/m/n/10 0.15| 
 []


Overfull \hbox (6.32893pt too wide) in paragraph at lines 112--112
 \T1/aer/m/n/10 0.75$\OMS/cmsy/m/n/10 ^^F$\T1/aer/m/n/10 0.18| 
 []


Overfull \hbox (0.63847pt too wide) in paragraph at lines 112--112
 \T1/aer/m/n/10 13.0$\OMS/cmsy/m/n/10 ^^F$\T1/aer/m/n/10 0.13| 
 []


Overfull \hbox (6.32893pt too wide) in paragraph at lines 112--112
 \T1/aer/m/n/10 0.98$\OMS/cmsy/m/n/10 ^^F$\T1/aer/m/n/10 0.17| 
 []


Overfull \hbox (0.63847pt too wide) in paragraph at lines 112--112
 \T1/aer/m/n/10 13.5$\OMS/cmsy/m/n/10 ^^F$\T1/aer/m/n/10 0.13| 
 []


Overfull \hbox (6.32893pt too wide) in paragraph at lines 112--112
 \T1/aer/m/n/10 0.92$\OMS/cmsy/m/n/10 ^^F$\T1/aer/m/n/10 0.17| 
 []


Overfull \hbox (0.63847pt too wide) in paragraph at lines 112--112
 \T1/aer/m/n/10 12.2$\OMS/cmsy/m/n/10 ^^F$\T1/aer/m/n/10 0.12| 
 []


Overfull \hbox (6.32893pt too wide) in paragraph at lines 112--112
 \T1/aer/m/n/10 1.05$\OMS/cmsy/m/n/10 ^^F$\T1/aer/m/n/10 0.17| 
 []


Overfull \hbox (0.63847pt too wide) in paragraph at lines 112--112
 \T1/aer/m/n/10 11.8$\OMS/cmsy/m/n/10 ^^F$\T1/aer/m/n/10 0.11| 
 []


Overfull \hbox (6.32893pt too wide) in paragraph at lines 112--112
 \T1/aer/m/n/10 1.09$\OMS/cmsy/m/n/10 ^^F$\T1/aer/m/n/10 0.17| 
 []


Overfull \hbox (0.63847pt too wide) in paragraph at lines 112--112
 \T1/aer/m/n/10 13.1$\OMS/cmsy/m/n/10 ^^F$\T1/aer/m/n/10 0.13| 
 []


Overfull \hbox (6.32893pt too wide) in paragraph at lines 112--112
 \T1/aer/m/n/10 0.96$\OMS/cmsy/m/n/10 ^^F$\T1/aer/m/n/10 0.17| 
 []


Overfull \hbox (0.63847pt too wide) in paragraph at lines 112--112
 \T1/aer/m/n/10 15.2$\OMS/cmsy/m/n/10 ^^F$\T1/aer/m/n/10 0.15| 
 []


Overfull \hbox (6.32893pt too wide) in paragraph at lines 112--112
 \T1/aer/m/n/10 0.73$\OMS/cmsy/m/n/10 ^^F$\T1/aer/m/n/10 0.18| 
 []


Overfull \hbox (0.63847pt too wide) in paragraph at lines 112--112
 \T1/aer/m/n/10 13.4$\OMS/cmsy/m/n/10 ^^F$\T1/aer/m/n/10 0.13| 
 []


Overfull \hbox (6.32893pt too wide) in paragraph at lines 112--112
 \T1/aer/m/n/10 0.94$\OMS/cmsy/m/n/10 ^^F$\T1/aer/m/n/10 0.17| 
 []


Overfull \hbox (0.63847pt too wide) in paragraph at lines 112--112
 \T1/aer/m/n/10 14.4$\OMS/cmsy/m/n/10 ^^F$\T1/aer/m/n/10 0.14| 
 []


Overfull \hbox (6.32893pt too wide) in paragraph at lines 112--112
 \T1/aer/m/n/10 0.82$\OMS/cmsy/m/n/10 ^^F$\T1/aer/m/n/10 0.17| 
 []


Overfull \hbox (0.63847pt too wide) in paragraph at lines 112--112
 \T1/aer/m/n/10 12.9$\OMS/cmsy/m/n/10 ^^F$\T1/aer/m/n/10 0.12| 
 []


Overfull \hbox (6.32893pt too wide) in paragraph at lines 112--112
 \T1/aer/m/n/10 0.99$\OMS/cmsy/m/n/10 ^^F$\T1/aer/m/n/10 0.17| 
 []


Overfull \hbox (0.63847pt too wide) in paragraph at lines 112--112
 \T1/aer/m/n/10 12.6$\OMS/cmsy/m/n/10 ^^F$\T1/aer/m/n/10 0.12| 
 []


Overfull \hbox (6.32893pt too wide) in paragraph at lines 112--112
 \T1/aer/m/n/10 1.01$\OMS/cmsy/m/n/10 ^^F$\T1/aer/m/n/10 0.17| 
 []

[154]
<ch-clusters/plots/data_individual_lims.pdf, id=3489, 1084.05pt x 1445.4pt>
File: ch-clusters/plots/data_individual_lims.pdf Graphic file (type pdf)

<use ch-clusters/plots/data_individual_lims.pdf>
Package pdftex.def Info: ch-clusters/plots/data_individual_lims.pdf used on inp
ut line 171.
(pdftex.def)             Requested size: 390.25534pt x 520.34361pt.
 [155pdfTeX warning (ext4): destination with the same identifier (name{table.B.
1}) has been already used, duplicate ignored

\AtBegShi@Output ...ipout \box \AtBeginShipoutBox 
                                                  \fi \fi 
l.171 \newpage
              ] [156pdfTeX warning (ext4): destination with the same identifier
 (name{figure.B.4}) has been already used, duplicate ignored

\AtBegShi@Output ...ipout \box \AtBeginShipoutBox 
                                                  \fi \fi 
l.171 \newpage
               <./ch-clusters/plots/data_individual_lims.pdf>]
<ch-clusters/plots/data_individual_maxts.pdf, id=3524, 1084.05pt x 1445.4pt>
File: ch-clusters/plots/data_individual_maxts.pdf Graphic file (type pdf)

<use ch-clusters/plots/data_individual_maxts.pdf>
Package pdftex.def Info: ch-clusters/plots/data_individual_maxts.pdf used on in
put line 171.
(pdftex.def)             Requested size: 390.25534pt x 520.34361pt.
 [157pdfTeX warning (ext4): destination with the same identifier (name{figure.B
.5}) has been already used, duplicate ignored

\AtBegShi@Output ...ipout \box \AtBeginShipoutBox 
                                                  \fi \fi 
l.171 \newpage
               <./ch-clusters/plots/data_individual_maxts.pdf>]
<ch-clusters/plots/FluxUL.pdf, id=3545, 1084.05pt x 1445.4pt>
File: ch-clusters/plots/FluxUL.pdf Graphic file (type pdf)

<use ch-clusters/plots/FluxUL.pdf>
Package pdftex.def Info: ch-clusters/plots/FluxUL.pdf used on input line 171.
(pdftex.def)             Requested size: 390.25534pt x 520.34361pt.
 [158pdfTeX warning (ext4): destination with the same identifier (name{figure.B
.6}) has been already used, duplicate ignored

\AtBegShi@Output ...ipout \box \AtBeginShipoutBox 
                                                  \fi \fi 
l.171 \newpage
               <./ch-clusters/plots/FluxUL.pdf>]
<ch-clusters/plots/object5_maxts_lim.pdf, id=3579, 1084.05pt x 289.08pt>
File: ch-clusters/plots/object5_maxts_lim.pdf Graphic file (type pdf)

<use ch-clusters/plots/object5_maxts_lim.pdf>
Package pdftex.def Info: ch-clusters/plots/object5_maxts_lim.pdf used on input 
line 171.
(pdftex.def)             Requested size: 424.94574pt x 113.31857pt.

<ch-clusters/plots/jfactors.pdf, id=3584, 614.295pt x 390.25798pt>
File: ch-clusters/plots/jfactors.pdf Graphic file (type pdf)

<use ch-clusters/plots/jfactors.pdf>
Package pdftex.def Info: ch-clusters/plots/jfactors.pdf used on input line 171.

(pdftex.def)             Requested size: 390.25534pt x 247.93015pt.
 [159



pdfTeX warning (ext4): destination with the same identifier (name{figure.B.7}) 
has been already used, duplicate ignored

\AtBegShi@Output ...ipout \box \AtBeginShipoutBox 
                                                  \fi \fi 
l.171 \newpage
              pdfTeX warning (ext4): destination with the same identifier (name
{figure.B.8}) has been already used, duplicate ignored

\AtBegShi@Output ...ipout \box \AtBeginShipoutBox 
                                                  \fi \fi 
l.171 \newpage
               <./ch-clusters/plots/object5_maxts_lim.pdf> <./ch-clusters/plots
/jfactors.pdf

pdfTeX warning: pdflatex (file ./ch-clusters/plots/jfactors.pdf): PDF inclusion
: multiple pdfs with page group included in a single page
>] <ch-clusters/plots/skymaps.pdf, id=3630, 691.88953pt x 857.52022pt>
File: ch-clusters/plots/skymaps.pdf Graphic file (type pdf)

<use ch-clusters/plots/skymaps.pdf>
Package pdftex.def Info: ch-clusters/plots/skymaps.pdf used on input line 171.
(pdftex.def)             Requested size: 390.25534pt x 483.67549pt.
 [160pdfTeX warning (ext4): destination with the same identifier (name{figure.B
.9}) has been already used, duplicate ignored

\AtBegShi@Output ...ipout \box \AtBeginShipoutBox 
                                                  \fi \fi 
l.171 \newpage
               <./ch-clusters/plots/skymaps.pdf>]
<ch-clusters/plots/systematics_nh.pdf, id=3686, 595.023pt x 474.57298pt>
File: ch-clusters/plots/systematics_nh.pdf Graphic file (type pdf)

<use ch-clusters/plots/systematics_nh.pdf>
Package pdftex.def Info: ch-clusters/plots/systematics_nh.pdf used on input lin
e 183.
(pdftex.def)             Requested size: 195.12767pt x 155.62474pt.

<ch-clusters/plots/systematics_cuts.pdf, id=3687, 595.023pt x 474.57298pt>
File: ch-clusters/plots/systematics_cuts.pdf Graphic file (type pdf)

<use ch-clusters/plots/systematics_cuts.pdf>
Package pdftex.def Info: ch-clusters/plots/systematics_cuts.pdf used on input l
ine 184.
(pdftex.def)             Requested size: 195.12767pt x 155.62474pt.

Underfull \vbox (badness 5711) has occurred while \output is active []

 [161


]
Underfull \vbox (badness 10000) has occurred while \output is active []

 [162pdfTeX warning (ext4): destination with the same identifier (name{figure.B
.10}) has been already used, duplicate ignored

\AtBegShi@Output ...ipout \box \AtBeginShipoutBox 
                                                  \fi \fi 
l.197 
       <./ch-clusters/plots/systematics_nh.pdf> <./ch-clusters/plots/systematic
s_cuts.pdf

pdfTeX warning: pdflatex (file ./ch-clusters/plots/systematics_cuts.pdf): PDF i
nclusion: multiple pdfs with page group included in a single page
>]
Underfull \vbox (badness 3895) has occurred while \output is active []

 [163]
<ch-clusters/plots/systematics_nots_cuts.pdf, id=3761, 595.023pt x 474.57298pt>
File: ch-clusters/plots/systematics_nots_cuts.pdf Graphic file (type pdf)
<use ch-clusters/plots/systematics_nots_cuts.pdf>
Package pdftex.def Info: ch-clusters/plots/systematics_nots_cuts.pdf used on in
put line 202.
(pdftex.def)             Requested size: 303.53267pt x 242.0942pt.

<ch-clusters/plots/systematics_dataset.pdf, id=3764, 595.023pt x 474.57298pt>
File: ch-clusters/plots/systematics_dataset.pdf Graphic file (type pdf)

<use ch-clusters/plots/systematics_dataset.pdf>
Package pdftex.def Info: ch-clusters/plots/systematics_dataset.pdf used on inpu
t line 209.
(pdftex.def)             Requested size: 195.12767pt x 155.62474pt.

<ch-clusters/plots/systematics_profile_conc.pdf, id=3765, 595.023pt x 474.57298
pt>
File: ch-clusters/plots/systematics_profile_conc.pdf Graphic file (type pdf)
 <use ch-clusters/plots/systematics_profile_conc.pdf>
Package pdftex.def Info: ch-clusters/plots/systematics_profile_conc.pdf used on
 input line 210.
(pdftex.def)             Requested size: 195.12767pt x 155.62474pt.

Underfull \vbox (badness 10000) has occurred while \output is active []

 [164pdfTeX warning (ext4): destination with the same identifier (name{figure.B
.11}) has been already used, duplicate ignored

\AtBegShi@Output ...ipout \box \AtBeginShipoutBox 
                                                  \fi \fi 
l.218 A
       nother choice that we made for the baseline analysis was to use the \...
 <./ch-clusters/plots/systematics_nots_cuts.pdf>]
Underfull \vbox (badness 10000) has occurred while \output is active []

 [165pdfTeX warning (ext4): destination with the same identifier (name{figure.B
.12}) has been already used, duplicate ignored

\AtBegShi@Output ...ipout \box \AtBeginShipoutBox 
                                                  \fi \fi 
l.219 
       <./ch-clusters/plots/systematics_dataset.pdf> <./ch-clusters/plots/syste
matics_profile_conc.pdf

pdfTeX warning: pdflatex (file ./ch-clusters/plots/systematics_profile_conc.pdf
): PDF inclusion: multiple pdfs with page group included in a single page
>]
Underfull \vbox (badness 10000) has occurred while \output is active []

 [166]
<ch-clusters/plots/boost_models_data.pdf, id=3874, 602.25pt x 481.8pt>
File: ch-clusters/plots/boost_models_data.pdf Graphic file (type pdf)

<use ch-clusters/plots/boost_models_data.pdf>
Package pdftex.def Info: ch-clusters/plots/boost_models_data.pdf used on input 
line 236.
(pdftex.def)             Requested size: 199.4681pt x 159.57527pt.

<ch-clusters/plots/systematics_boost.pdf, id=3875, 595.023pt x 474.57298pt>
File: ch-clusters/plots/systematics_boost.pdf Graphic file (type pdf)

<use ch-clusters/plots/systematics_boost.pdf>
Package pdftex.def Info: ch-clusters/plots/systematics_boost.pdf used on input 
line 237.
(pdftex.def)             Requested size: 195.12767pt x 155.62474pt.

Underfull \vbox (badness 7759) has occurred while \output is active []

 [167]
Underfull \vbox (badness 10000) has occurred while \output is active []

 [168pdfTeX warning (ext4): destination with the same identifier (name{figure.B
.13}) has been already used, duplicate ignored

\AtBegShi@Output ...ipout \box \AtBeginShipoutBox 
                                                  \fi \fi 
l.246 W
       hen taken together, the details of the halo formation process shape t...
 <./ch-clusters/plots/boost_models_data.pdf> <./ch-clusters/plots/systematics_b
oost.pdf

pdfTeX warning: pdflatex (file ./ch-clusters/plots/systematics_boost.pdf): PDF 
inclusion: multiple pdfs with page group included in a single page
>]
Underfull \vbox (badness 10000) has occurred while \output is active []

 [169]
Underfull \hbox (badness 10000) in paragraph at lines 252--254

 []

<ch-clusters/plots/systematics_lu.pdf, id=3961, 595.023pt x 474.57298pt>
File: ch-clusters/plots/systematics_lu.pdf Graphic file (type pdf)

<use ch-clusters/plots/systematics_lu.pdf>
Package pdftex.def Info: ch-clusters/plots/systematics_lu.pdf used on input lin
e 257.
(pdftex.def)             Requested size: 195.12767pt x 155.62474pt.

<ch-clusters/plots/systematics_lu_elephant.pdf, id=3962, 602.25pt x 481.8pt>
File: ch-clusters/plots/systematics_lu_elephant.pdf Graphic file (type pdf)

<use ch-clusters/plots/systematics_lu_elephant.pdf>
Package pdftex.def Info: ch-clusters/plots/systematics_lu_elephant.pdf used on 
input line 258.
(pdftex.def)             Requested size: 195.12767pt x 156.10527pt.
)
Underfull \vbox (badness 4792) has occurred while \output is active []

 [170]
[171pdfTeX warning (ext4): destination with the same identifier (name{figure.B.
14}) has been already used, duplicate ignored

\AtBegShi@Output ...ipout \box \AtBeginShipoutBox 
                                                  \fi \fi 
l.557 ...appendicies/fermi_data_clusters_arxiv_v2}
                                                   <./ch-clusters/plots/systema
tics_lu.pdf> <./ch-clusters/plots/systematics_lu_elephant.pdf

pdfTeX warning: pdflatex (file ./ch-clusters/plots/systematics_lu_elephant.pdf)
: PDF inclusion: multiple pdfs with page group included in a single page
>] [172


] (./thesis.bbl [173

] [174] [175] [176] [177] [178] [179] [180] [181]
[182] [183]
Underfull \hbox (badness 1527) in paragraph at lines 926--930
[]\T1/aer/m/n/12 Stefano Cam-era, Mat-tia For-nasa, Nico-lao For-nengo, and Mar
co Regis.
 []


Underfull \hbox (badness 1838) in paragraph at lines 926--930
\T1/aer/m/n/12 Tomographic-spectral ap-proach for dark mat-ter de-tec-tion in t
he cross-
 []


Underfull \hbox (badness 2158) in paragraph at lines 926--930
\T1/aer/m/n/12 correlation be-tween cos-mic shear and dif-fuse $\OML/cmm/m/it/1
2 ^^M$\T1/aer/m/n/12 -ray emis-sion.  \T1/aer/m/it/12 JCAP\T1/aer/m/n/12 ,
 []

[184] [185] [186]
Underfull \hbox (badness 1067) in paragraph at lines 1171--1175
[]\T1/aer/m/n/12 Miguel A. Snchez-Conde and Fran-cisco Prada.  The flat-ten-in
g of the
 []

[187] [188] [189] [190])
Package atveryend Info: Empty hook `BeforeClearDocument' on input line 575.
 [191]
Package atveryend Info: Empty hook `AfterLastShipout' on input line 575.
 (./thesis.aux (./ch-intro/introduction.aux)
(./ch-nptfit/NPTFit.aux) (./ch-igrb/LMNS_arxiv_v2.aux)
(./ch-darksky/fermi_darksky.aux)
(./ch-clusters/fermi_data_clusters_arxiv_v2.aux)
(./ch-appendicies/fermi_darksky.aux)
(./ch-appendicies/fermi_data_clusters_arxiv_v2.aux))
Package atveryend Info: Executing hook `AtVeryEndDocument' on input line 575.
Package atveryend Info: Executing hook `AtEndAfterFileList' on input line 575.
Package rerunfilecheck Info: File `thesis.out' has not changed.
(rerunfilecheck)             Checksum: 9A634F8C384E77744BD381ED45222F7B;4849.


LaTeX Font Warning: Some font shapes were not available, defaults substituted.

Package atveryend Info: Empty hook `AtVeryVeryEnd' on input line 575.
 ) 
Here is how much of TeX's memory you used:
 13512 strings out of 493014
 211829 string characters out of 6133351
 411927 words of memory out of 5000000
 15785 multiletter control sequences out of 15000+600000
 76381 words of font info for 175 fonts, out of 8000000 for 9000
 1141 hyphenation exceptions out of 8191
 40i,24n,47p,2404b,1738s stack positions out of 5000i,500n,10000p,200000b,80000s
pdfTeX warning (dest): name{Hfootnote.32} has been referenced but does not ex
ist, replaced by a fixed one

pdfTeX warning (dest): name{Hfootnote.31} has been referenced but does not exis
t, replaced by a fixed one

pdfTeX warning (dest): name{Hfootnote.30} has been referenced but does not exis
t, replaced by a fixed one

pdfTeX warning (dest): name{Hfootnote.29} has been referenced but does not exis
t, replaced by a fixed one

pdfTeX warning (dest): name{Hfootnote.28} has been referenced but does not exis
t, replaced by a fixed one

pdfTeX warning (dest): name{Hfootnote.27} has been referenced but does not exis
t, replaced by a fixed one

pdfTeX warning (dest): name{Hfootnote.26} has been referenced but does not exis
t, replaced by a fixed one

pdfTeX warning (dest): name{Hfootnote.25} has been referenced but does not exis
t, replaced by a fixed one

pdfTeX warning (dest): name{Hfootnote.24} has been referenced but does not exis
t, replaced by a fixed one

pdfTeX warning (dest): name{Hfootnote.23} has been referenced but does not exis
t, replaced by a fixed one

pdfTeX warning (dest): name{Hfootnote.22} has been referenced but does not exis
t, replaced by a fixed one

pdfTeX warning (dest): name{Hfootnote.21} has been referenced but does not exis
t, replaced by a fixed one

pdfTeX warning (dest): name{Hfootnote.20} has been referenced but does not exis
t, replaced by a fixed one

pdfTeX warning (dest): name{Hfootnote.19} has been referenced but does not exis
t, replaced by a fixed one

pdfTeX warning (dest): name{Hfootnote.18} has been referenced but does not exis
t, replaced by a fixed one

pdfTeX warning (dest): name{Hfootnote.17} has been referenced but does not exis
t, replaced by a fixed one

pdfTeX warning (dest): name{Hfootnote.16} has been referenced but does not exis
t, replaced by a fixed one

pdfTeX warning (dest): name{Hfootnote.15} has been referenced but does not exis
t, replaced by a fixed one

pdfTeX warning (dest): name{Hfootnote.14} has been referenced but does not exis
t, replaced by a fixed one

pdfTeX warning (dest): name{Hfootnote.13} has been referenced but does not exis
t, replaced by a fixed one

pdfTeX warning (dest): name{Hfootnote.12} has been referenced but does not exis
t, replaced by a fixed one

pdfTeX warning (dest): name{Hfootnote.11} has been referenced but does not exis
t, replaced by a fixed one

pdfTeX warning (dest): name{Hfootnote.10} has been referenced but does not exis
t, replaced by a fixed one

pdfTeX warning (dest): name{Hfootnote.9} has been referenced but does not exist
, replaced by a fixed one

pdfTeX warning (dest): name{Hfootnote.8} has been referenced but does not exist
, replaced by a fixed one

pdfTeX warning (dest): name{Hfootnote.7} has been referenced but does not exist
, replaced by a fixed one

pdfTeX warning (dest): name{Hfootnote.6} has been referenced but does not exist
, replaced by a fixed one

pdfTeX warning (dest): name{Hfootnote.5} has been referenced but does not exist
, replaced by a fixed one

pdfTeX warning (dest): name{Hfootnote.4} has been referenced but does not exist
, replaced by a fixed one

pdfTeX warning (dest): name{Hfootnote.3} has been referenced but does not exist
, replaced by a fixed one

pdfTeX warning (dest): name{Hfootnote.2} has been referenced but does not exist
, replaced by a fixed one

pdfTeX warning (dest): name{Hfootnote.1} has been referenced but does not exist
, replaced by a fixed one

</usr/local/texlive/2016/texmf-dist/fonts/type1/public/amsfonts/cm/cmbx12.pfb><
/usr/local/texlive/2016/texmf-dist/fonts/type1/public/amsfonts/cm/cmbxti10.pfb>
</usr/local/texlive/2016/texmf-dist/fonts/type1/public/amsfonts/cm/cmcsc10.pfb>
</usr/local/texlive/2016/texmf-dist/fonts/type1/public/amsfonts/cm/cmex10.pfb><
/usr/local/texlive/2016/texmf-dist/fonts/type1/public/amsfonts/cm/cmitt10.pfb><
/usr/local/texlive/2016/texmf-dist/fonts/type1/public/amsfonts/cm/cmmi10.pfb></
usr/local/texlive/2016/texmf-dist/fonts/type1/public/amsfonts/cm/cmmi12.pfb></u
sr/local/texlive/2016/texmf-dist/fonts/type1/public/amsfonts/cm/cmmi6.pfb></usr
/local/texlive/2016/texmf-dist/fonts/type1/public/amsfonts/cm/cmmi7.pfb></usr/l
ocal/texlive/2016/texmf-dist/fonts/type1/public/amsfonts/cm/cmmi8.pfb></usr/loc
al/texlive/2016/texmf-dist/fonts/type1/public/amsfonts/cm/cmmib10.pfb></usr/loc
al/texlive/2016/texmf-dist/fonts/type1/public/amsfonts/cmextra/cmmib8.pfb></usr
/local/texlive/2016/texmf-dist/fonts/type1/public/amsfonts/cm/cmr10.pfb></usr/l
ocal/texlive/2016/texmf-dist/fonts/type1/public/amsfonts/cm/cmr12.pfb></usr/loc
al/texlive/2016/texmf-dist/fonts/type1/public/amsfonts/cm/cmr17.pfb></usr/local
/texlive/2016/texmf-dist/fonts/type1/public/amsfonts/cm/cmr6.pfb></usr/local/te
xlive/2016/texmf-dist/fonts/type1/public/amsfonts/cm/cmr7.pfb></usr/local/texli
ve/2016/texmf-dist/fonts/type1/public/amsfonts/cm/cmr8.pfb></usr/local/texlive/
2016/texmf-dist/fonts/type1/public/amsfonts/cm/cmr9.pfb></usr/local/texlive/201
6/texmf-dist/fonts/type1/public/amsfonts/cm/cmsy10.pfb></usr/local/texlive/2016
/texmf-dist/fonts/type1/public/amsfonts/cm/cmsy6.pfb></usr/local/texlive/2016/t
exmf-dist/fonts/type1/public/amsfonts/cm/cmsy7.pfb></usr/local/texlive/2016/tex
mf-dist/fonts/type1/public/amsfonts/cm/cmsy8.pfb></usr/local/texlive/2016/texmf
-dist/fonts/type1/public/amsfonts/cm/cmsy9.pfb></usr/local/texlive/2016/texmf-d
ist/fonts/type1/public/amsfonts/cm/cmti10.pfb></usr/local/texlive/2016/texmf-di
st/fonts/type1/public/amsfonts/cm/cmti12.pfb></usr/local/texlive/2016/texmf-dis
t/fonts/type1/public/amsfonts/cm/cmtt10.pfb></usr/local/texlive/2016/texmf-dist
/fonts/type1/public/amsfonts/cm/cmtt12.pfb></usr/local/texlive/2016/texmf-dist/
fonts/type1/public/amsfonts/symbols/msam10.pfb>
Output written on thesis.pdf (199 pages, 6042522 bytes).
PDF statistics:
 4350 PDF objects out of 5155 (max. 8388607)
 3838 compressed objects within 39 object streams
 816 named destinations out of 1000 (max. 500000)
 840 words of extra memory for PDF output out of 10000 (max. 10000000)

