\BOOKMARK [0][-]{section*.2}{NPTFit: A code package for Non-Poissonian Template Fitting}{}% 2
\BOOKMARK [1][-]{section*.1}{Abstract}{section*.2}% 1
\BOOKMARK [1][-]{section*.3}{Introduction}{section*.2}% 3
\BOOKMARK [1][-]{section*.4}{The Non-Poissonian Template Fit}{section*.2}% 4
\BOOKMARK [1][-]{section*.5}{NPTFit: orientation}{section*.2}% 5
\BOOKMARK [2][-]{section*.6}{ class NPTFit.nptfit.NPTF }{section*.5}% 6
\BOOKMARK [2][-]{section*.7}{ class NPTFit.psfcorrection.PSFCorrection }{section*.5}% 7
\BOOKMARK [2][-]{section*.8}{ def NPTFit.createmask.makemasktotal }{section*.5}% 8
\BOOKMARK [2][-]{section*.9}{ class NPTFit.dndsanalysis.Analysis }{section*.5}% 9
\BOOKMARK [1][-]{section*.10}{ NPTFit: an example}{section*.2}% 10
\BOOKMARK [2][-]{section*.11}{Setting up the scan}{section*.10}% 11
\BOOKMARK [2][-]{section*.12}{Adding models}{section*.10}% 12
\BOOKMARK [2][-]{section*.13}{Configure scan with PSF correction}{section*.10}% 13
\BOOKMARK [2][-]{section*.14}{Performing the scan with MultiNest}{section*.10}% 14
\BOOKMARK [2][-]{section*.15}{Analyzing the results}{section*.10}% 15
\BOOKMARK [3][-]{section*.16}{Make triangle plots}{section*.15}% 16
\BOOKMARK [3][-]{section*.17}{Plot source-count distributions}{section*.15}% 17
\BOOKMARK [3][-]{section*.18}{Plot intensity fractions}{section*.15}% 18
\BOOKMARK [3][-]{section*.19}{Further analyses}{section*.15}% 19
\BOOKMARK [1][-]{section*.20}{Conclusion}{section*.2}% 20
\BOOKMARK [1][-]{section*.21}{Acknowledgements}{section*.2}% 21
\BOOKMARK [1][-]{section*.22}{Mathematical foundations of NPTFit}{section*.2}% 22
\BOOKMARK [2][-]{section*.23}{The \(non-\)Poissonian generating function}{section*.22}% 23
\BOOKMARK [2][-]{section*.24}{Correcting for a finite point spread function}{section*.22}% 24
\BOOKMARK [1][-]{section*.25}{NPTFit: algorithms}{section*.2}% 25
\BOOKMARK [1][-]{section*.26}{Analytic expressions for xp,m and m=1 xp,m}{section*.2}% 26
\BOOKMARK [2][-]{section*.27}{1 break}{section*.26}% 27
\BOOKMARK [2][-]{section*.28}{2 breaks}{section*.26}% 28
\BOOKMARK [2][-]{section*.29}{k breaks}{section*.26}% 29
